2013-01-18 12:29:16,406 - dexy - DEBUG - dexy has config:
2013-01-18 12:29:16,407 - dexy - DEBUG -   artifacts_dir: artifacts
2013-01-18 12:29:16,407 - dexy - DEBUG -   config_file: dexy.conf
2013-01-18 12:29:16,407 - dexy - DEBUG -   danger: False
2013-01-18 12:29:16,407 - dexy - DEBUG -   db_alias: sqlite3
2013-01-18 12:29:16,407 - dexy - DEBUG -   db_file: dexy.sqlite3
2013-01-18 12:29:16,407 - dexy - DEBUG -   disable_tests: False
2013-01-18 12:29:16,407 - dexy - DEBUG -   dont_use_cache: False
2013-01-18 12:29:16,407 - dexy - DEBUG -   dry_run: False
2013-01-18 12:29:16,407 - dexy - DEBUG -   encoding: utf-8
2013-01-18 12:29:16,407 - dexy - DEBUG -   exclude: .git, .svn, tmp, cache
2013-01-18 12:29:16,407 - dexy - DEBUG -   exclude_also: 
2013-01-18 12:29:16,408 - dexy - DEBUG -   full: False
2013-01-18 12:29:16,408 - dexy - DEBUG -   globals: 
2013-01-18 12:29:16,408 - dexy - DEBUG -   hashfunction: md5
2013-01-18 12:29:16,408 - dexy - DEBUG -   ignore_nonzero_exit: False
2013-01-18 12:29:16,408 - dexy - DEBUG -   log_dir: logs
2013-01-18 12:29:16,408 - dexy - DEBUG -   log_file: dexy.log
2013-01-18 12:29:16,408 - dexy - DEBUG -   log_format: %(asctime)s - %(name)s - %(levelname)s - %(message)s
2013-01-18 12:29:16,409 - dexy - DEBUG -   log_level: DEBUG
2013-01-18 12:29:16,409 - dexy - DEBUG -   plugins: 
2013-01-18 12:29:16,409 - dexy - DEBUG -   profile: False
2013-01-18 12:29:16,409 - dexy - DEBUG -   recurse: True
2013-01-18 12:29:16,409 - dexy - DEBUG -   reports: 
2013-01-18 12:29:16,409 - dexy - DEBUG -   siblings: False
2013-01-18 12:29:16,409 - dexy - DEBUG -   silent: False
2013-01-18 12:29:16,409 - dexy - DEBUG -   target: False
2013-01-18 12:29:16,409 - dexy - DEBUG -   uselocals: False
2013-01-18 12:29:16,410 - dexy - DEBUG -   skipping directory './.git' because it matches exclude '.git'
2013-01-18 12:29:16,410 - dexy - DEBUG -   skipping directory './artifacts' because it matches exclude 'artifacts'
2013-01-18 12:29:16,411 - dexy - DEBUG -   skipping directory './logs' because it matches exclude 'logs'
2013-01-18 12:29:16,411 - dexy - DEBUG - loading config from './dexy.txt'
2013-01-18 12:29:16,411 - dexy - DEBUG - adding task info for 'doc:screenshots.js|casperjs'
2013-01-18 12:29:16,412 - dexy - DEBUG - adding dependency of 'doc:screenshots.js|casperjs' on 'doc:screenshots.js|casperjs'
2013-01-18 12:29:16,412 - dexy - DEBUG - adding task info for 'doc:mockup/style.css|idio'
2013-01-18 12:29:16,412 - dexy - DEBUG - adding dependency of 'doc:mockup/style.css|idio' on 'doc:mockup/style.css|idio'
2013-01-18 12:29:16,412 - dexy - DEBUG - adding dependency of 'doc:screenshots.js|casperjs' on 'doc:mockup/style.css|idio'
2013-01-18 12:29:16,412 - dexy - DEBUG - adding task info for 'doc:markdown/_header.html|jinja'
2013-01-18 12:29:16,413 - dexy - DEBUG - adding dependency of 'doc:markdown/_header.html|jinja' on 'doc:markdown/_header.html|jinja'
2013-01-18 12:29:16,413 - dexy - DEBUG - adding dependency of 'doc:mockup/style.css|idio' on 'doc:markdown/_header.html|jinja'
2013-01-18 12:29:16,413 - dexy - DEBUG - adding dependency of 'doc:screenshots.js|casperjs' on 'doc:markdown/_header.html|jinja'
2013-01-18 12:29:16,413 - dexy - DEBUG - adding task info for 'doc:markdown/_footer.html|jinja'
2013-01-18 12:29:16,413 - dexy - DEBUG - adding dependency of 'doc:markdown/_header.html|jinja' on 'doc:markdown/_footer.html|jinja'
2013-01-18 12:29:16,413 - dexy - DEBUG - adding dependency of 'doc:mockup/style.css|idio' on 'doc:markdown/_footer.html|jinja'
2013-01-18 12:29:16,413 - dexy - DEBUG - adding dependency of 'doc:screenshots.js|casperjs' on 'doc:markdown/_footer.html|jinja'
2013-01-18 12:29:16,414 - dexy - DEBUG - adding dependency of 'doc:markdown/_footer.html|jinja' on 'doc:markdown/_footer.html|jinja'
2013-01-18 12:29:16,414 - dexy - DEBUG - adding task info for 'pattern:markdown/*part.html|markdown|jinja'
2013-01-18 12:29:16,414 - dexy - DEBUG - adding dependency of 'doc:markdown/_header.html|jinja' on 'pattern:markdown/*part.html|markdown|jinja'
2013-01-18 12:29:16,414 - dexy - DEBUG - adding dependency of 'doc:mockup/style.css|idio' on 'pattern:markdown/*part.html|markdown|jinja'
2013-01-18 12:29:16,414 - dexy - DEBUG - adding dependency of 'doc:screenshots.js|casperjs' on 'pattern:markdown/*part.html|markdown|jinja'
2013-01-18 12:29:16,414 - dexy - DEBUG - adding dependency of 'doc:markdown/_footer.html|jinja' on 'pattern:markdown/*part.html|markdown|jinja'
2013-01-18 12:29:16,414 - dexy - DEBUG - adding dependency of 'pattern:markdown/*part.html|markdown|jinja' on 'pattern:markdown/*part.html|markdown|jinja'
2013-01-18 12:29:16,415 - dexy - DEBUG - adding task info for 'doc:styleguide.html|markdown|jinja'
2013-01-18 12:29:16,415 - dexy - DEBUG - adding dependency of 'doc:mockup/style.css|idio' on 'doc:styleguide.html|markdown|jinja'
2013-01-18 12:29:16,415 - dexy - DEBUG - adding dependency of 'doc:markdown/_header.html|jinja' on 'doc:styleguide.html|markdown|jinja'
2013-01-18 12:29:16,415 - dexy - DEBUG - adding dependency of 'doc:markdown/_footer.html|jinja' on 'doc:styleguide.html|markdown|jinja'
2013-01-18 12:29:16,416 - dexy - DEBUG - adding dependency of 'pattern:markdown/*part.html|markdown|jinja' on 'doc:styleguide.html|markdown|jinja'
2013-01-18 12:29:16,416 - dexy - DEBUG - adding dependency of 'doc:screenshots.js|casperjs' on 'doc:styleguide.html|markdown|jinja'
2013-01-18 12:29:16,416 - dexy - DEBUG - adding dependency of 'doc:styleguide.html|markdown|jinja' on 'doc:styleguide.html|markdown|jinja'
2013-01-18 12:29:16,418 - dexy - DEBUG - AST completed:
2013-01-18 12:29:16,419 - dexy - DEBUG - tree:
  doc:styleguide.html|markdown|jinja
lookup table:
    doc:mockup/style.css|idio: {'inputs': ['doc:screenshots.js|casperjs']}
    doc:markdown/_header.html|jinja: {'inputs': ['doc:mockup/style.css|idio', 'doc:screenshots.js|casperjs']}
    doc:markdown/_footer.html|jinja:
      {'inputs': ['doc:markdown/_header.html|jinja',
                  'doc:mockup/style.css|idio',
                  'doc:screenshots.js|casperjs']}
    pattern:markdown/*part.html|markdown|jinja:
      {'inputs': ['doc:markdown/_header.html|jinja',
                  'doc:mockup/style.css|idio',
                  'doc:screenshots.js|casperjs',
                  'doc:markdown/_footer.html|jinja']}
    doc:screenshots.js|casperjs: {'inputs': []}
    doc:styleguide.html|markdown|jinja:
      {'inputs': ['doc:mockup/style.css|idio',
                  'doc:markdown/_header.html|jinja',
                  'doc:markdown/_footer.html|jinja',
                  'pattern:markdown/*part.html|markdown|jinja',
                  'doc:screenshots.js|casperjs']}
2013-01-18 12:29:16,420 - dexy - DEBUG - creating task 'doc:screenshots.js|casperjs' with inputs '()' with original kwargs '{'wrapper': <dexy.wrapper.Wrapper object at 0x10fa68ed0>}'
2013-01-18 12:29:16,420 - dexy - DEBUG - creating task 'doc:mockup/style.css|idio' with inputs '(DocNode:screenshots.js|casperjs,)' with original kwargs '{'wrapper': <dexy.wrapper.Wrapper object at 0x10fa68ed0>}'
2013-01-18 12:29:16,420 - dexy - DEBUG - creating task 'doc:markdown/_header.html|jinja' with inputs '(DocNode:mockup/style.css|idio, DocNode:screenshots.js|casperjs)' with original kwargs '{'wrapper': <dexy.wrapper.Wrapper object at 0x10fa68ed0>}'
2013-01-18 12:29:16,420 - dexy - DEBUG - creating task 'doc:markdown/_footer.html|jinja' with inputs '(DocNode:markdown/_header.html|jinja, DocNode:mockup/style.css|idio, DocNode:screenshots.js|casperjs)' with original kwargs '{'wrapper': <dexy.wrapper.Wrapper object at 0x10fa68ed0>}'
2013-01-18 12:29:16,421 - dexy - DEBUG - creating task 'pattern:markdown/*part.html|markdown|jinja' with inputs '(DocNode:markdown/_header.html|jinja, DocNode:mockup/style.css|idio, DocNode:screenshots.js|casperjs, DocNode:markdown/_footer.html|jinja)' with original kwargs '{'wrapper': <dexy.wrapper.Wrapper object at 0x10fa68ed0>}'
2013-01-18 12:29:16,421 - dexy - DEBUG - creating task 'doc:styleguide.html|markdown|jinja' with inputs '(DocNode:mockup/style.css|idio, DocNode:markdown/_header.html|jinja, DocNode:markdown/_footer.html|jinja, PatternNode:markdown/*part.html|markdown|jinja, DocNode:screenshots.js|casperjs)' with original kwargs '{'wrapper': <dexy.wrapper.Wrapper object at 0x10fa68ed0>}'
2013-01-18 12:29:16,428 - screenshots.js(|casperjs) - DEBUG - setting up InitialArtifact:screenshots.js(|casperjs)
2013-01-18 12:29:16,429 - screenshots.js(|casperjs) - DEBUG - setting up output data of class Generic
2013-01-18 12:29:16,429 - screenshots.js|casperjs - DEBUG - setting up FilterArtifact:screenshots.js|casperjs
2013-01-18 12:29:17,492 - screenshots.js|casperjs - DEBUG - setting up output data of class Generic
2013-01-18 12:29:17,493 - screenshots.js|casperjs - DEBUG - setting up output data of class Generic
2013-01-18 12:29:17,493 - mockup/style.css(|idio) - DEBUG - setting up InitialArtifact:mockup/style.css(|idio)
2013-01-18 12:29:17,493 - mockup/style.css(|idio) - DEBUG - setting up output data of class Generic
2013-01-18 12:29:17,493 - mockup/style.css|idio - DEBUG - setting up FilterArtifact:mockup/style.css|idio
2013-01-18 12:29:17,494 - mockup/style.css|idio - DEBUG - setting up output data of class Sectioned
2013-01-18 12:29:17,494 - mockup/style.css|idio - DEBUG - setting up output data of class Sectioned
2013-01-18 12:29:17,495 - markdown/_header.html(|jinja) - DEBUG - setting up InitialArtifact:markdown/_header.html(|jinja)
2013-01-18 12:29:17,495 - markdown/_header.html(|jinja) - DEBUG - setting up output data of class Generic
2013-01-18 12:29:17,495 - markdown/_header.html|jinja - DEBUG - setting up FilterArtifact:markdown/_header.html|jinja
2013-01-18 12:29:17,496 - markdown/_header.html|jinja - DEBUG - setting up output data of class Generic
2013-01-18 12:29:17,496 - markdown/_header.html|jinja - DEBUG - setting up output data of class Generic
2013-01-18 12:29:17,497 - markdown/_footer.html(|jinja) - DEBUG - setting up InitialArtifact:markdown/_footer.html(|jinja)
2013-01-18 12:29:17,497 - markdown/_footer.html(|jinja) - DEBUG - setting up output data of class Generic
2013-01-18 12:29:17,497 - markdown/_footer.html|jinja - DEBUG - setting up FilterArtifact:markdown/_footer.html|jinja
2013-01-18 12:29:17,497 - markdown/_footer.html|jinja - DEBUG - setting up output data of class Generic
2013-01-18 12:29:17,498 - markdown/_footer.html|jinja - DEBUG - setting up output data of class Generic
2013-01-18 12:29:17,499 - markdown/*part.html|markdown|jinja - DEBUG - creating child of patterndoc markdown/*part.html|markdown|jinja: markdown/box-part.html|markdown|jinja
2013-01-18 12:29:17,499 - markdown/*part.html|markdown|jinja - DEBUG - with args {'wrapper': <dexy.wrapper.Wrapper object at 0x10fa68ed0>}
2013-01-18 12:29:17,500 - markdown/*part.html|markdown|jinja - DEBUG - creating child of patterndoc markdown/*part.html|markdown|jinja: markdown/box_part.html|markdown|jinja
2013-01-18 12:29:17,500 - markdown/*part.html|markdown|jinja - DEBUG - with args {'wrapper': <dexy.wrapper.Wrapper object at 0x10fa68ed0>}
2013-01-18 12:29:17,500 - markdown/*part.html|markdown|jinja - DEBUG - creating child of patterndoc markdown/*part.html|markdown|jinja: markdown/copy-part.html|markdown|jinja
2013-01-18 12:29:17,501 - markdown/*part.html|markdown|jinja - DEBUG - with args {'wrapper': <dexy.wrapper.Wrapper object at 0x10fa68ed0>}
2013-01-18 12:29:17,501 - markdown/*part.html|markdown|jinja - DEBUG - creating child of patterndoc markdown/*part.html|markdown|jinja: markdown/headlines-part.html|markdown|jinja
2013-01-18 12:29:17,501 - markdown/*part.html|markdown|jinja - DEBUG - with args {'wrapper': <dexy.wrapper.Wrapper object at 0x10fa68ed0>}
2013-01-18 12:29:17,502 - markdown/*part.html|markdown|jinja - DEBUG - creating child of patterndoc markdown/*part.html|markdown|jinja: markdown/introduction-part.html|markdown|jinja
2013-01-18 12:29:17,502 - markdown/*part.html|markdown|jinja - DEBUG - with args {'wrapper': <dexy.wrapper.Wrapper object at 0x10fa68ed0>}
2013-01-18 12:29:17,502 - markdown/*part.html|markdown|jinja - DEBUG - creating child of patterndoc markdown/*part.html|markdown|jinja: markdown/line-part.html|markdown|jinja
2013-01-18 12:29:17,502 - markdown/*part.html|markdown|jinja - DEBUG - with args {'wrapper': <dexy.wrapper.Wrapper object at 0x10fa68ed0>}
2013-01-18 12:29:17,503 - markdown/*part.html|markdown|jinja - DEBUG - creating child of patterndoc markdown/*part.html|markdown|jinja: markdown/list-part.html|markdown|jinja
2013-01-18 12:29:17,503 - markdown/*part.html|markdown|jinja - DEBUG - with args {'wrapper': <dexy.wrapper.Wrapper object at 0x10fa68ed0>}
2013-01-18 12:29:17,504 - markdown/*part.html|markdown|jinja - DEBUG - creating child of patterndoc markdown/*part.html|markdown|jinja: markdown/list_numbers-part.html|markdown|jinja
2013-01-18 12:29:17,504 - markdown/*part.html|markdown|jinja - DEBUG - with args {'wrapper': <dexy.wrapper.Wrapper object at 0x10fa68ed0>}
2013-01-18 12:29:17,504 - markdown/*part.html|markdown|jinja - DEBUG - creating child of patterndoc markdown/*part.html|markdown|jinja: markdown/list_tasks-part.html|markdown|jinja
2013-01-18 12:29:17,504 - markdown/*part.html|markdown|jinja - DEBUG - with args {'wrapper': <dexy.wrapper.Wrapper object at 0x10fa68ed0>}
2013-01-18 12:29:17,505 - markdown/*part.html|markdown|jinja - DEBUG - creating child of patterndoc markdown/*part.html|markdown|jinja: markdown/panel-part.html|markdown|jinja
2013-01-18 12:29:17,505 - markdown/*part.html|markdown|jinja - DEBUG - with args {'wrapper': <dexy.wrapper.Wrapper object at 0x10fa68ed0>}
2013-01-18 12:29:17,506 - markdown/*part.html|markdown|jinja - DEBUG - creating child of patterndoc markdown/*part.html|markdown|jinja: markdown/quote-part.html|markdown|jinja
2013-01-18 12:29:17,506 - markdown/*part.html|markdown|jinja - DEBUG - with args {'wrapper': <dexy.wrapper.Wrapper object at 0x10fa68ed0>}
2013-01-18 12:29:17,506 - markdown/*part.html|markdown|jinja - DEBUG - creating child of patterndoc markdown/*part.html|markdown|jinja: markdown/tables-part.html|markdown|jinja
2013-01-18 12:29:17,506 - markdown/*part.html|markdown|jinja - DEBUG - with args {'wrapper': <dexy.wrapper.Wrapper object at 0x10fa68ed0>}
2013-01-18 12:29:17,507 - markdown/*part.html|markdown|jinja - DEBUG - creating child of patterndoc markdown/*part.html|markdown|jinja: markdown/title-part.html|markdown|jinja
2013-01-18 12:29:17,507 - markdown/*part.html|markdown|jinja - DEBUG - with args {'wrapper': <dexy.wrapper.Wrapper object at 0x10fa68ed0>}
2013-01-18 12:29:17,507 - markdown/*part.html|markdown|jinja - DEBUG - creating child of patterndoc markdown/*part.html|markdown|jinja: markdown/toc-part.html|markdown|jinja
2013-01-18 12:29:17,507 - markdown/*part.html|markdown|jinja - DEBUG - with args {'wrapper': <dexy.wrapper.Wrapper object at 0x10fa68ed0>}
2013-01-18 12:29:17,509 - markdown/box-part.html(|markdown|jinja) - DEBUG - setting up InitialArtifact:markdown/box-part.html(|markdown|jinja)
2013-01-18 12:29:17,509 - markdown/box-part.html(|markdown|jinja) - DEBUG - setting up output data of class Generic
2013-01-18 12:29:17,509 - markdown/box-part.html|markdown(|jinja) - DEBUG - setting up FilterArtifact:markdown/box-part.html|markdown(|jinja)
2013-01-18 12:29:17,509 - markdown/box-part.html|markdown(|jinja) - DEBUG - setting up output data of class Generic
2013-01-18 12:29:17,509 - markdown/box-part.html|markdown|jinja - DEBUG - setting up FilterArtifact:markdown/box-part.html|markdown|jinja
2013-01-18 12:29:17,510 - markdown/box-part.html|markdown|jinja - DEBUG - setting up output data of class Generic
2013-01-18 12:29:17,510 - markdown/box_part.html(|markdown|jinja) - DEBUG - setting up InitialArtifact:markdown/box_part.html(|markdown|jinja)
2013-01-18 12:29:17,510 - markdown/box_part.html(|markdown|jinja) - DEBUG - setting up output data of class Generic
2013-01-18 12:29:17,510 - markdown/box_part.html|markdown(|jinja) - DEBUG - setting up FilterArtifact:markdown/box_part.html|markdown(|jinja)
2013-01-18 12:29:17,511 - markdown/box_part.html|markdown(|jinja) - DEBUG - setting up output data of class Generic
2013-01-18 12:29:17,511 - markdown/box_part.html|markdown|jinja - DEBUG - setting up FilterArtifact:markdown/box_part.html|markdown|jinja
2013-01-18 12:29:17,511 - markdown/box_part.html|markdown|jinja - DEBUG - setting up output data of class Generic
2013-01-18 12:29:17,511 - markdown/copy-part.html(|markdown|jinja) - DEBUG - setting up InitialArtifact:markdown/copy-part.html(|markdown|jinja)
2013-01-18 12:29:17,512 - markdown/copy-part.html(|markdown|jinja) - DEBUG - setting up output data of class Generic
2013-01-18 12:29:17,512 - markdown/copy-part.html|markdown(|jinja) - DEBUG - setting up FilterArtifact:markdown/copy-part.html|markdown(|jinja)
2013-01-18 12:29:17,512 - markdown/copy-part.html|markdown(|jinja) - DEBUG - setting up output data of class Generic
2013-01-18 12:29:17,512 - markdown/copy-part.html|markdown|jinja - DEBUG - setting up FilterArtifact:markdown/copy-part.html|markdown|jinja
2013-01-18 12:29:17,513 - markdown/copy-part.html|markdown|jinja - DEBUG - setting up output data of class Generic
2013-01-18 12:29:17,513 - markdown/headlines-part.html(|markdown|jinja) - DEBUG - setting up InitialArtifact:markdown/headlines-part.html(|markdown|jinja)
2013-01-18 12:29:17,513 - markdown/headlines-part.html(|markdown|jinja) - DEBUG - setting up output data of class Generic
2013-01-18 12:29:17,513 - markdown/headlines-part.html|markdown(|jinja) - DEBUG - setting up FilterArtifact:markdown/headlines-part.html|markdown(|jinja)
2013-01-18 12:29:17,514 - markdown/headlines-part.html|markdown(|jinja) - DEBUG - setting up output data of class Generic
2013-01-18 12:29:17,514 - markdown/headlines-part.html|markdown|jinja - DEBUG - setting up FilterArtifact:markdown/headlines-part.html|markdown|jinja
2013-01-18 12:29:17,514 - markdown/headlines-part.html|markdown|jinja - DEBUG - setting up output data of class Generic
2013-01-18 12:29:17,514 - markdown/introduction-part.html(|markdown|jinja) - DEBUG - setting up InitialArtifact:markdown/introduction-part.html(|markdown|jinja)
2013-01-18 12:29:17,515 - markdown/introduction-part.html(|markdown|jinja) - DEBUG - setting up output data of class Generic
2013-01-18 12:29:17,515 - markdown/introduction-part.html|markdown(|jinja) - DEBUG - setting up FilterArtifact:markdown/introduction-part.html|markdown(|jinja)
2013-01-18 12:29:17,515 - markdown/introduction-part.html|markdown(|jinja) - DEBUG - setting up output data of class Generic
2013-01-18 12:29:17,515 - markdown/introduction-part.html|markdown|jinja - DEBUG - setting up FilterArtifact:markdown/introduction-part.html|markdown|jinja
2013-01-18 12:29:17,515 - markdown/introduction-part.html|markdown|jinja - DEBUG - setting up output data of class Generic
2013-01-18 12:29:17,516 - markdown/line-part.html(|markdown|jinja) - DEBUG - setting up InitialArtifact:markdown/line-part.html(|markdown|jinja)
2013-01-18 12:29:17,516 - markdown/line-part.html(|markdown|jinja) - DEBUG - setting up output data of class Generic
2013-01-18 12:29:17,516 - markdown/line-part.html|markdown(|jinja) - DEBUG - setting up FilterArtifact:markdown/line-part.html|markdown(|jinja)
2013-01-18 12:29:17,516 - markdown/line-part.html|markdown(|jinja) - DEBUG - setting up output data of class Generic
2013-01-18 12:29:17,517 - markdown/line-part.html|markdown|jinja - DEBUG - setting up FilterArtifact:markdown/line-part.html|markdown|jinja
2013-01-18 12:29:17,517 - markdown/line-part.html|markdown|jinja - DEBUG - setting up output data of class Generic
2013-01-18 12:29:17,517 - markdown/list-part.html(|markdown|jinja) - DEBUG - setting up InitialArtifact:markdown/list-part.html(|markdown|jinja)
2013-01-18 12:29:17,517 - markdown/list-part.html(|markdown|jinja) - DEBUG - setting up output data of class Generic
2013-01-18 12:29:17,518 - markdown/list-part.html|markdown(|jinja) - DEBUG - setting up FilterArtifact:markdown/list-part.html|markdown(|jinja)
2013-01-18 12:29:17,518 - markdown/list-part.html|markdown(|jinja) - DEBUG - setting up output data of class Generic
2013-01-18 12:29:17,518 - markdown/list-part.html|markdown|jinja - DEBUG - setting up FilterArtifact:markdown/list-part.html|markdown|jinja
2013-01-18 12:29:17,518 - markdown/list-part.html|markdown|jinja - DEBUG - setting up output data of class Generic
2013-01-18 12:29:17,519 - markdown/list_numbers-part.html(|markdown|jinja) - DEBUG - setting up InitialArtifact:markdown/list_numbers-part.html(|markdown|jinja)
2013-01-18 12:29:17,519 - markdown/list_numbers-part.html(|markdown|jinja) - DEBUG - setting up output data of class Generic
2013-01-18 12:29:17,519 - markdown/list_numbers-part.html|markdown(|jinja) - DEBUG - setting up FilterArtifact:markdown/list_numbers-part.html|markdown(|jinja)
2013-01-18 12:29:17,519 - markdown/list_numbers-part.html|markdown(|jinja) - DEBUG - setting up output data of class Generic
2013-01-18 12:29:17,520 - markdown/list_numbers-part.html|markdown|jinja - DEBUG - setting up FilterArtifact:markdown/list_numbers-part.html|markdown|jinja
2013-01-18 12:29:17,520 - markdown/list_numbers-part.html|markdown|jinja - DEBUG - setting up output data of class Generic
2013-01-18 12:29:17,520 - markdown/list_tasks-part.html(|markdown|jinja) - DEBUG - setting up InitialArtifact:markdown/list_tasks-part.html(|markdown|jinja)
2013-01-18 12:29:17,520 - markdown/list_tasks-part.html(|markdown|jinja) - DEBUG - setting up output data of class Generic
2013-01-18 12:29:17,521 - markdown/list_tasks-part.html|markdown(|jinja) - DEBUG - setting up FilterArtifact:markdown/list_tasks-part.html|markdown(|jinja)
2013-01-18 12:29:17,521 - markdown/list_tasks-part.html|markdown(|jinja) - DEBUG - setting up output data of class Generic
2013-01-18 12:29:17,521 - markdown/list_tasks-part.html|markdown|jinja - DEBUG - setting up FilterArtifact:markdown/list_tasks-part.html|markdown|jinja
2013-01-18 12:29:17,521 - markdown/list_tasks-part.html|markdown|jinja - DEBUG - setting up output data of class Generic
2013-01-18 12:29:17,522 - markdown/panel-part.html(|markdown|jinja) - DEBUG - setting up InitialArtifact:markdown/panel-part.html(|markdown|jinja)
2013-01-18 12:29:17,522 - markdown/panel-part.html(|markdown|jinja) - DEBUG - setting up output data of class Generic
2013-01-18 12:29:17,522 - markdown/panel-part.html|markdown(|jinja) - DEBUG - setting up FilterArtifact:markdown/panel-part.html|markdown(|jinja)
2013-01-18 12:29:17,522 - markdown/panel-part.html|markdown(|jinja) - DEBUG - setting up output data of class Generic
2013-01-18 12:29:17,522 - markdown/panel-part.html|markdown|jinja - DEBUG - setting up FilterArtifact:markdown/panel-part.html|markdown|jinja
2013-01-18 12:29:17,523 - markdown/panel-part.html|markdown|jinja - DEBUG - setting up output data of class Generic
2013-01-18 12:29:17,523 - markdown/quote-part.html(|markdown|jinja) - DEBUG - setting up InitialArtifact:markdown/quote-part.html(|markdown|jinja)
2013-01-18 12:29:17,523 - markdown/quote-part.html(|markdown|jinja) - DEBUG - setting up output data of class Generic
2013-01-18 12:29:17,523 - markdown/quote-part.html|markdown(|jinja) - DEBUG - setting up FilterArtifact:markdown/quote-part.html|markdown(|jinja)
2013-01-18 12:29:17,524 - markdown/quote-part.html|markdown(|jinja) - DEBUG - setting up output data of class Generic
2013-01-18 12:29:17,524 - markdown/quote-part.html|markdown|jinja - DEBUG - setting up FilterArtifact:markdown/quote-part.html|markdown|jinja
2013-01-18 12:29:17,524 - markdown/quote-part.html|markdown|jinja - DEBUG - setting up output data of class Generic
2013-01-18 12:29:17,524 - markdown/tables-part.html(|markdown|jinja) - DEBUG - setting up InitialArtifact:markdown/tables-part.html(|markdown|jinja)
2013-01-18 12:29:17,525 - markdown/tables-part.html(|markdown|jinja) - DEBUG - setting up output data of class Generic
2013-01-18 12:29:17,525 - markdown/tables-part.html|markdown(|jinja) - DEBUG - setting up FilterArtifact:markdown/tables-part.html|markdown(|jinja)
2013-01-18 12:29:17,525 - markdown/tables-part.html|markdown(|jinja) - DEBUG - setting up output data of class Generic
2013-01-18 12:29:17,525 - markdown/tables-part.html|markdown|jinja - DEBUG - setting up FilterArtifact:markdown/tables-part.html|markdown|jinja
2013-01-18 12:29:17,526 - markdown/tables-part.html|markdown|jinja - DEBUG - setting up output data of class Generic
2013-01-18 12:29:17,526 - markdown/title-part.html(|markdown|jinja) - DEBUG - setting up InitialArtifact:markdown/title-part.html(|markdown|jinja)
2013-01-18 12:29:17,526 - markdown/title-part.html(|markdown|jinja) - DEBUG - setting up output data of class Generic
2013-01-18 12:29:17,526 - markdown/title-part.html|markdown(|jinja) - DEBUG - setting up FilterArtifact:markdown/title-part.html|markdown(|jinja)
2013-01-18 12:29:17,526 - markdown/title-part.html|markdown(|jinja) - DEBUG - setting up output data of class Generic
2013-01-18 12:29:17,527 - markdown/title-part.html|markdown|jinja - DEBUG - setting up FilterArtifact:markdown/title-part.html|markdown|jinja
2013-01-18 12:29:17,527 - markdown/title-part.html|markdown|jinja - DEBUG - setting up output data of class Generic
2013-01-18 12:29:17,527 - markdown/toc-part.html(|markdown|jinja) - DEBUG - setting up InitialArtifact:markdown/toc-part.html(|markdown|jinja)
2013-01-18 12:29:17,527 - markdown/toc-part.html(|markdown|jinja) - DEBUG - setting up output data of class Generic
2013-01-18 12:29:17,528 - markdown/toc-part.html|markdown(|jinja) - DEBUG - setting up FilterArtifact:markdown/toc-part.html|markdown(|jinja)
2013-01-18 12:29:17,528 - markdown/toc-part.html|markdown(|jinja) - DEBUG - setting up output data of class Generic
2013-01-18 12:29:17,528 - markdown/toc-part.html|markdown|jinja - DEBUG - setting up FilterArtifact:markdown/toc-part.html|markdown|jinja
2013-01-18 12:29:17,528 - markdown/toc-part.html|markdown|jinja - DEBUG - setting up output data of class Generic
2013-01-18 12:29:17,529 - markdown/box-part.html|markdown(|jinja) - DEBUG - setting up output data of class Generic
2013-01-18 12:29:17,529 - markdown/box-part.html|markdown|jinja - DEBUG - setting up output data of class Generic
2013-01-18 12:29:17,529 - markdown/box_part.html|markdown(|jinja) - DEBUG - setting up output data of class Generic
2013-01-18 12:29:17,530 - markdown/box_part.html|markdown|jinja - DEBUG - setting up output data of class Generic
2013-01-18 12:29:17,530 - markdown/copy-part.html|markdown(|jinja) - DEBUG - setting up output data of class Generic
2013-01-18 12:29:17,530 - markdown/copy-part.html|markdown|jinja - DEBUG - setting up output data of class Generic
2013-01-18 12:29:17,530 - markdown/headlines-part.html|markdown(|jinja) - DEBUG - setting up output data of class Generic
2013-01-18 12:29:17,531 - markdown/headlines-part.html|markdown|jinja - DEBUG - setting up output data of class Generic
2013-01-18 12:29:17,531 - markdown/introduction-part.html|markdown(|jinja) - DEBUG - setting up output data of class Generic
2013-01-18 12:29:17,531 - markdown/introduction-part.html|markdown|jinja - DEBUG - setting up output data of class Generic
2013-01-18 12:29:17,532 - markdown/line-part.html|markdown(|jinja) - DEBUG - setting up output data of class Generic
2013-01-18 12:29:17,532 - markdown/line-part.html|markdown|jinja - DEBUG - setting up output data of class Generic
2013-01-18 12:29:17,532 - markdown/list-part.html|markdown(|jinja) - DEBUG - setting up output data of class Generic
2013-01-18 12:29:17,532 - markdown/list-part.html|markdown|jinja - DEBUG - setting up output data of class Generic
2013-01-18 12:29:17,533 - markdown/list_numbers-part.html|markdown(|jinja) - DEBUG - setting up output data of class Generic
2013-01-18 12:29:17,533 - markdown/list_numbers-part.html|markdown|jinja - DEBUG - setting up output data of class Generic
2013-01-18 12:29:17,533 - markdown/list_tasks-part.html|markdown(|jinja) - DEBUG - setting up output data of class Generic
2013-01-18 12:29:17,534 - markdown/list_tasks-part.html|markdown|jinja - DEBUG - setting up output data of class Generic
2013-01-18 12:29:17,534 - markdown/panel-part.html|markdown(|jinja) - DEBUG - setting up output data of class Generic
2013-01-18 12:29:17,534 - markdown/panel-part.html|markdown|jinja - DEBUG - setting up output data of class Generic
2013-01-18 12:29:17,535 - markdown/quote-part.html|markdown(|jinja) - DEBUG - setting up output data of class Generic
2013-01-18 12:29:17,535 - markdown/quote-part.html|markdown|jinja - DEBUG - setting up output data of class Generic
2013-01-18 12:29:17,535 - markdown/tables-part.html|markdown(|jinja) - DEBUG - setting up output data of class Generic
2013-01-18 12:29:17,535 - markdown/tables-part.html|markdown|jinja - DEBUG - setting up output data of class Generic
2013-01-18 12:29:17,536 - markdown/title-part.html|markdown(|jinja) - DEBUG - setting up output data of class Generic
2013-01-18 12:29:17,536 - markdown/title-part.html|markdown|jinja - DEBUG - setting up output data of class Generic
2013-01-18 12:29:17,536 - markdown/toc-part.html|markdown(|jinja) - DEBUG - setting up output data of class Generic
2013-01-18 12:29:17,537 - markdown/toc-part.html|markdown|jinja - DEBUG - setting up output data of class Generic
2013-01-18 12:29:17,537 - styleguide.html(|markdown|jinja) - DEBUG - setting up InitialArtifact:styleguide.html(|markdown|jinja)
2013-01-18 12:29:17,537 - styleguide.html(|markdown|jinja) - DEBUG - setting up output data of class Generic
2013-01-18 12:29:17,537 - styleguide.html|markdown(|jinja) - DEBUG - setting up FilterArtifact:styleguide.html|markdown(|jinja)
2013-01-18 12:29:17,538 - styleguide.html|markdown(|jinja) - DEBUG - setting up output data of class Generic
2013-01-18 12:29:17,538 - styleguide.html|markdown|jinja - DEBUG - setting up FilterArtifact:styleguide.html|markdown|jinja
2013-01-18 12:29:17,538 - styleguide.html|markdown|jinja - DEBUG - setting up output data of class Generic
2013-01-18 12:29:17,538 - styleguide.html|markdown(|jinja) - DEBUG - setting up output data of class Generic
2013-01-18 12:29:17,539 - styleguide.html|markdown|jinja - DEBUG - setting up output data of class Generic
2013-01-18 12:29:17,540 - screenshots.js|casperjs - DEBUG - Running FilterArtifact:screenshots.js|casperjs
2013-01-18 12:29:17,540 - screenshots.js|casperjs - DEBUG - Output is not cached under e46923a6e3797fb7a858343e03827c6e, running...
2013-01-18 12:29:17,540 - screenshots.js|casperjs - DEBUG - setting up wd for screenshots.js|casperjs. exists already: artifacts/e46923a6e3797fb7a858343e03827c6e/
2013-01-18 12:29:17,541 - screenshots.js|casperjs - DEBUG - about to run 'casperjs --cookies-file=cookies.txt  screenshots.js ' in 'artifacts/e46923a6e3797fb7a858343e03827c6e/'
2013-01-18 12:29:19,209 - screenshots.js|casperjs - DEBUG - stdout is ''
2013-01-18 12:29:19,209 - screenshots.js|casperjs - DEBUG - stderr is ''
2013-01-18 12:29:19,210 - screenshots.js|casperjs - DEBUG - adding new files found in artifacts/e46923a6e3797fb7a858343e03827c6e for screenshots.js|casperjs
2013-01-18 12:29:19,210 - screenshots.js|casperjs - DEBUG - additional-doc-filters are {}
2013-01-18 12:29:19,211 - screenshots.js|casperjs - DEBUG - adding additional doc cookies.txt (created by screenshots.js|casperjs)
2013-01-18 12:29:19,211 - cookies.txt - DEBUG - setting up InitialVirtualArtifact:cookies.txt
2013-01-18 12:29:19,212 - cookies.txt - DEBUG - setting up output data of class Generic
2013-01-18 12:29:19,213 - screenshots.js|casperjs - DEBUG - additional-doc-filters are {}
2013-01-18 12:29:19,213 - screenshots.js|casperjs - DEBUG - adding additional doc table.png (created by screenshots.js|casperjs)
2013-01-18 12:29:19,214 - table.png - DEBUG - setting up InitialVirtualArtifact:table.png
2013-01-18 12:29:19,214 - table.png - DEBUG - setting up output data of class Generic
2013-01-18 12:29:19,215 - screenshots.js|casperjs - DEBUG - additional-doc-filters are {}
2013-01-18 12:29:19,215 - screenshots.js|casperjs - DEBUG - adding additional doc tasklist.png (created by screenshots.js|casperjs)
2013-01-18 12:29:19,215 - tasklist.png - DEBUG - setting up InitialVirtualArtifact:tasklist.png
2013-01-18 12:29:19,216 - tasklist.png - DEBUG - setting up output data of class Generic
2013-01-18 12:29:19,217 - screenshots.js|casperjs - DEBUG - additional-doc-filters are {}
2013-01-18 12:29:19,217 - screenshots.js|casperjs - DEBUG - adding additional doc title.png (created by screenshots.js|casperjs)
2013-01-18 12:29:19,217 - title.png - DEBUG - setting up InitialVirtualArtifact:title.png
2013-01-18 12:29:19,217 - title.png - DEBUG - setting up output data of class Generic
2013-01-18 12:29:19,218 - dexy - DEBUG - Data file for screenshots.js|casperjs (artifacts/e46923a6e3797fb7a858343e03827c6e.txt) has size 0
2013-01-18 12:29:19,219 - mockup/style.css|idio - DEBUG - Running FilterArtifact:mockup/style.css|idio
2013-01-18 12:29:19,219 - mockup/style.css|idio - DEBUG - Output is not cached under aa97f7e08d91d8a610decf5f4764780d, running...
2013-01-18 12:29:19,308 - mockup/style.css|idio - DEBUG - using lexer CssLexer
2013-01-18 12:29:19,325 - mockup/style.css|idio - DEBUG - In section no. 0 name 1
2013-01-18 12:29:19,325 - mockup/style.css|idio - DEBUG - creating pygments formatter with args {'lineanchors': 'mockup--style.css-idio.html'}
2013-01-18 12:29:19,328 - mockup/style.css|idio - DEBUG - In section no. 1 name body
2013-01-18 12:29:19,329 - mockup/style.css|idio - DEBUG - creating pygments formatter with args {'lineanchors': 'mockup--style.css-idio.html'}
2013-01-18 12:29:19,330 - mockup/style.css|idio - DEBUG - In section no. 2 name main-content
2013-01-18 12:29:19,330 - mockup/style.css|idio - DEBUG - creating pygments formatter with args {'lineanchors': 'mockup--style.css-idio.html'}
2013-01-18 12:29:19,331 - mockup/style.css|idio - DEBUG - In section no. 3 name heading
2013-01-18 12:29:19,332 - mockup/style.css|idio - DEBUG - creating pygments formatter with args {'lineanchors': 'mockup--style.css-idio.html'}
2013-01-18 12:29:19,335 - mockup/style.css|idio - DEBUG - In section no. 4 name tasklist
2013-01-18 12:29:19,336 - mockup/style.css|idio - DEBUG - creating pygments formatter with args {'lineanchors': 'mockup--style.css-idio.html'}
2013-01-18 12:29:19,340 - mockup/style.css|idio - DEBUG - In section no. 5 name table
2013-01-18 12:29:19,340 - mockup/style.css|idio - DEBUG - creating pygments formatter with args {'lineanchors': 'mockup--style.css-idio.html'}
2013-01-18 12:29:19,341 - mockup/style.css|idio - DEBUG - In section no. 6 name table-wrap
2013-01-18 12:29:19,341 - mockup/style.css|idio - DEBUG - creating pygments formatter with args {'lineanchors': 'mockup--style.css-idio.html'}
2013-01-18 12:29:19,345 - mockup/style.css|idio - DEBUG - In section no. 7 name 2
2013-01-18 12:29:19,345 - mockup/style.css|idio - DEBUG - creating pygments formatter with args {'lineanchors': 'mockup--style.css-idio.html'}
2013-01-18 12:29:19,349 - markdown/_header.html|jinja - DEBUG - Running FilterArtifact:markdown/_header.html|jinja
2013-01-18 12:29:19,349 - markdown/_header.html|jinja - DEBUG - Output is not cached under bec655c928a1df7e3e9c197cdf37527c, running...
2013-01-18 12:29:19,350 - markdown/_header.html|jinja - DEBUG - setting up wd for markdown/_header.html|jinja. exists already: artifacts/bec655c928a1df7e3e9c197cdf37527c/markdown
2013-01-18 12:29:19,354 - markdown/_header.html|jinja - DEBUG - setting up jinja FileSystemLoader with dirs ., artifacts/bec655c928a1df7e3e9c197cdf37527c/markdown, artifacts/bec655c928a1df7e3e9c197cdf37527c
2013-01-18 12:29:19,354 - markdown/_header.html|jinja - DEBUG - setting up jinja environment
2013-01-18 12:29:19,355 - markdown/_header.html|jinja - DEBUG - creating jinja2 environment with: undefined: <class 'jinja2.runtime.StrictUndefined'>, loader: <jinja2.loaders.FileSystemLoader object at 0x10fa8e190>
2013-01-18 12:29:19,355 - markdown/_header.html|jinja - DEBUG - initializing template
2013-01-18 12:29:19,355 - markdown/_header.html|jinja - DEBUG - Running template plugin PrettyPrintHtml
2013-01-18 12:29:19,355 - markdown/_header.html|jinja - DEBUG - Running template plugin JavadocToRst
2013-01-18 12:29:19,355 - markdown/_header.html|jinja - DEBUG - Running template plugin PrettyPrintJson
2013-01-18 12:29:19,356 - markdown/_header.html|jinja - DEBUG - Running template plugin JinjaFilters
2013-01-18 12:29:19,356 - markdown/_header.html|jinja - DEBUG - Running template plugin RstCode
2013-01-18 12:29:19,356 - markdown/_header.html|jinja - DEBUG - Running template plugin PythonDatetime
2013-01-18 12:29:19,356 - markdown/_header.html|jinja - DEBUG - Running template plugin DexyVersion
2013-01-18 12:29:19,356 - markdown/_header.html|jinja - DEBUG - Running template plugin SimpleJson
2013-01-18 12:29:19,357 - markdown/_header.html|jinja - DEBUG - Running template plugin RegularExpressions
2013-01-18 12:29:19,357 - markdown/_header.html|jinja - DEBUG - Running template plugin PythonBuiltins
2013-01-18 12:29:19,357 - markdown/_header.html|jinja - DEBUG - Running template plugin PygmentsStylesheet
2013-01-18 12:29:19,415 - markdown/_header.html|jinja - DEBUG - Running template plugin Subdirectories
2013-01-18 12:29:19,415 - markdown/_header.html|jinja - DEBUG - Running template plugin Variables
2013-01-18 12:29:19,415 - markdown/_header.html|jinja - DEBUG - Running template plugin Globals
2013-01-18 12:29:19,415 - markdown/_header.html|jinja - DEBUG - Running template plugin Inputs
2013-01-18 12:29:19,418 - markdown/_header.html|jinja - DEBUG - jinja template data keys are DEXY_VERSION, a, abs, all, any, args, bin, bool, bytearray, cal, caldates, calendar, callable, chr, cmp, complex, d, datetime, dict, dir, divmod, enumerate, f, filter, float, format, hasattr, hex, highlight, id, int, isinstance, issubclass, iter, json, len, list, locals, long, map, max, min, month, oct, ord, pow, ppjson, pygments, range, re_match, re_search, reduce, repr, reversed, round, s, set, slice, sorted, str, subdirectories, sum, today, tuple, unicode, w, xrange, year, zip
2013-01-18 12:29:19,418 - markdown/_header.html|jinja - DEBUG - about to create jinja template
2013-01-18 12:29:19,428 - markdown/_header.html|jinja - DEBUG - about to process jinja template
2013-01-18 12:29:19,431 - markdown/_footer.html|jinja - DEBUG - Running FilterArtifact:markdown/_footer.html|jinja
2013-01-18 12:29:19,431 - markdown/_footer.html|jinja - DEBUG - Output is not cached under b4d19b8bc6c9788d8b5fb60b75c2c14a, running...
2013-01-18 12:29:19,431 - markdown/_footer.html|jinja - DEBUG - setting up wd for markdown/_footer.html|jinja. exists already: artifacts/b4d19b8bc6c9788d8b5fb60b75c2c14a/markdown
2013-01-18 12:29:19,439 - markdown/_footer.html|jinja - DEBUG - setting up jinja FileSystemLoader with dirs ., artifacts/b4d19b8bc6c9788d8b5fb60b75c2c14a/markdown, artifacts/b4d19b8bc6c9788d8b5fb60b75c2c14a
2013-01-18 12:29:19,440 - markdown/_footer.html|jinja - DEBUG - setting up jinja environment
2013-01-18 12:29:19,440 - markdown/_footer.html|jinja - DEBUG - creating jinja2 environment with: undefined: <class 'jinja2.runtime.StrictUndefined'>, loader: <jinja2.loaders.FileSystemLoader object at 0x10fb2d450>
2013-01-18 12:29:19,440 - markdown/_footer.html|jinja - DEBUG - initializing template
2013-01-18 12:29:19,441 - markdown/_footer.html|jinja - DEBUG - Running template plugin PrettyPrintHtml
2013-01-18 12:29:19,441 - markdown/_footer.html|jinja - DEBUG - Running template plugin JavadocToRst
2013-01-18 12:29:19,441 - markdown/_footer.html|jinja - DEBUG - Running template plugin PrettyPrintJson
2013-01-18 12:29:19,441 - markdown/_footer.html|jinja - DEBUG - Running template plugin JinjaFilters
2013-01-18 12:29:19,442 - markdown/_footer.html|jinja - DEBUG - Running template plugin RstCode
2013-01-18 12:29:19,442 - markdown/_footer.html|jinja - DEBUG - Running template plugin PythonDatetime
2013-01-18 12:29:19,442 - markdown/_footer.html|jinja - DEBUG - Running template plugin DexyVersion
2013-01-18 12:29:19,443 - markdown/_footer.html|jinja - DEBUG - Running template plugin SimpleJson
2013-01-18 12:29:19,443 - markdown/_footer.html|jinja - DEBUG - Running template plugin RegularExpressions
2013-01-18 12:29:19,443 - markdown/_footer.html|jinja - DEBUG - Running template plugin PythonBuiltins
2013-01-18 12:29:19,443 - markdown/_footer.html|jinja - DEBUG - Running template plugin PygmentsStylesheet
2013-01-18 12:29:19,492 - markdown/_footer.html|jinja - DEBUG - Running template plugin Subdirectories
2013-01-18 12:29:19,493 - markdown/_footer.html|jinja - DEBUG - Running template plugin Variables
2013-01-18 12:29:19,493 - markdown/_footer.html|jinja - DEBUG - Running template plugin Globals
2013-01-18 12:29:19,493 - markdown/_footer.html|jinja - DEBUG - Running template plugin Inputs
2013-01-18 12:29:19,496 - markdown/_footer.html|jinja - DEBUG - jinja template data keys are DEXY_VERSION, a, abs, all, any, args, bin, bool, bytearray, cal, caldates, calendar, callable, chr, cmp, complex, d, datetime, dict, dir, divmod, enumerate, f, filter, float, format, hasattr, hex, highlight, id, int, isinstance, issubclass, iter, json, len, list, locals, long, map, max, min, month, oct, ord, pow, ppjson, pygments, range, re_match, re_search, reduce, repr, reversed, round, s, set, slice, sorted, str, subdirectories, sum, today, tuple, unicode, w, xrange, year, zip
2013-01-18 12:29:19,496 - markdown/_footer.html|jinja - DEBUG - about to create jinja template
2013-01-18 12:29:19,497 - markdown/_footer.html|jinja - DEBUG - about to process jinja template
2013-01-18 12:29:19,498 - markdown/box-part.html|markdown(|jinja) - DEBUG - Running FilterArtifact:markdown/box-part.html|markdown(|jinja)
2013-01-18 12:29:19,499 - markdown/box-part.html|markdown(|jinja) - DEBUG - Output is not cached under 4d33c6e530e8ba5647de28cd7197e472, running...
2013-01-18 12:29:19,499 - markdown/box-part.html|markdown(|jinja) - DEBUG - Initializing Markdown with extensions: ["toc"] and extension configs: {"toc": {}}
2013-01-18 12:29:19,517 - markdown/box-part.html|markdown|jinja - DEBUG - Running FilterArtifact:markdown/box-part.html|markdown|jinja
2013-01-18 12:29:19,518 - markdown/box-part.html|markdown|jinja - DEBUG - Output is not cached under d32ca549de41fab93aeec7c0fb79c531, running...
2013-01-18 12:29:19,518 - markdown/box-part.html|markdown|jinja - DEBUG - setting up wd for markdown/box-part.html|markdown|jinja. exists already: artifacts/d32ca549de41fab93aeec7c0fb79c531/markdown
2013-01-18 12:29:19,536 - markdown/box-part.html|markdown|jinja - DEBUG - setting up jinja FileSystemLoader with dirs ., artifacts/d32ca549de41fab93aeec7c0fb79c531/markdown, artifacts/d32ca549de41fab93aeec7c0fb79c531
2013-01-18 12:29:19,536 - markdown/box-part.html|markdown|jinja - DEBUG - setting up jinja environment
2013-01-18 12:29:19,536 - markdown/box-part.html|markdown|jinja - DEBUG - creating jinja2 environment with: undefined: <class 'jinja2.runtime.StrictUndefined'>, loader: <jinja2.loaders.FileSystemLoader object at 0x10f98b810>
2013-01-18 12:29:19,537 - markdown/box-part.html|markdown|jinja - DEBUG - initializing template
2013-01-18 12:29:19,537 - markdown/box-part.html|markdown|jinja - DEBUG - Running template plugin PrettyPrintHtml
2013-01-18 12:29:19,537 - markdown/box-part.html|markdown|jinja - DEBUG - Running template plugin JavadocToRst
2013-01-18 12:29:19,538 - markdown/box-part.html|markdown|jinja - DEBUG - Running template plugin PrettyPrintJson
2013-01-18 12:29:19,538 - markdown/box-part.html|markdown|jinja - DEBUG - Running template plugin JinjaFilters
2013-01-18 12:29:19,538 - markdown/box-part.html|markdown|jinja - DEBUG - Running template plugin RstCode
2013-01-18 12:29:19,539 - markdown/box-part.html|markdown|jinja - DEBUG - Running template plugin PythonDatetime
2013-01-18 12:29:19,539 - markdown/box-part.html|markdown|jinja - DEBUG - Running template plugin DexyVersion
2013-01-18 12:29:19,539 - markdown/box-part.html|markdown|jinja - DEBUG - Running template plugin SimpleJson
2013-01-18 12:29:19,539 - markdown/box-part.html|markdown|jinja - DEBUG - Running template plugin RegularExpressions
2013-01-18 12:29:19,540 - markdown/box-part.html|markdown|jinja - DEBUG - Running template plugin PythonBuiltins
2013-01-18 12:29:19,540 - markdown/box-part.html|markdown|jinja - DEBUG - Running template plugin PygmentsStylesheet
2013-01-18 12:29:19,578 - markdown/box-part.html|markdown|jinja - DEBUG - Running template plugin Subdirectories
2013-01-18 12:29:19,578 - markdown/box-part.html|markdown|jinja - DEBUG - Running template plugin Variables
2013-01-18 12:29:19,579 - markdown/box-part.html|markdown|jinja - DEBUG - Running template plugin Globals
2013-01-18 12:29:19,579 - markdown/box-part.html|markdown|jinja - DEBUG - Running template plugin Inputs
2013-01-18 12:29:19,585 - markdown/box-part.html|markdown|jinja - DEBUG - jinja template data keys are DEXY_VERSION, a, abs, all, any, args, bin, bool, bytearray, cal, caldates, calendar, callable, chr, cmp, complex, d, datetime, dict, dir, divmod, enumerate, f, filter, float, format, hasattr, hex, highlight, id, int, isinstance, issubclass, iter, json, len, list, locals, long, map, max, min, month, oct, ord, pow, ppjson, pygments, range, re_match, re_search, reduce, repr, reversed, round, s, set, slice, sorted, str, subdirectories, sum, today, tuple, unicode, w, xrange, year, zip
2013-01-18 12:29:19,585 - markdown/box-part.html|markdown|jinja - DEBUG - about to create jinja template
2013-01-18 12:29:19,586 - markdown/box-part.html|markdown|jinja - DEBUG - about to process jinja template
2013-01-18 12:29:19,587 - markdown/box_part.html|markdown(|jinja) - DEBUG - Running FilterArtifact:markdown/box_part.html|markdown(|jinja)
2013-01-18 12:29:19,587 - markdown/box_part.html|markdown(|jinja) - DEBUG - Output is not cached under 96d714441929f83404fe092c024f8e2b, running...
2013-01-18 12:29:19,587 - markdown/box_part.html|markdown(|jinja) - DEBUG - Initializing Markdown with extensions: ["toc"] and extension configs: {"toc": {}}
2013-01-18 12:29:19,589 - markdown/box_part.html|markdown|jinja - DEBUG - Running FilterArtifact:markdown/box_part.html|markdown|jinja
2013-01-18 12:29:19,589 - markdown/box_part.html|markdown|jinja - DEBUG - Output is not cached under f61514543043498fbbbe6f898eeee040, running...
2013-01-18 12:29:19,589 - markdown/box_part.html|markdown|jinja - DEBUG - setting up wd for markdown/box_part.html|markdown|jinja. exists already: artifacts/f61514543043498fbbbe6f898eeee040/markdown
2013-01-18 12:29:19,608 - markdown/box_part.html|markdown|jinja - DEBUG - setting up jinja FileSystemLoader with dirs ., artifacts/f61514543043498fbbbe6f898eeee040/markdown, artifacts/f61514543043498fbbbe6f898eeee040
2013-01-18 12:29:19,609 - markdown/box_part.html|markdown|jinja - DEBUG - setting up jinja environment
2013-01-18 12:29:19,609 - markdown/box_part.html|markdown|jinja - DEBUG - creating jinja2 environment with: undefined: <class 'jinja2.runtime.StrictUndefined'>, loader: <jinja2.loaders.FileSystemLoader object at 0x10f98b3d0>
2013-01-18 12:29:19,609 - markdown/box_part.html|markdown|jinja - DEBUG - initializing template
2013-01-18 12:29:19,609 - markdown/box_part.html|markdown|jinja - DEBUG - Running template plugin PrettyPrintHtml
2013-01-18 12:29:19,610 - markdown/box_part.html|markdown|jinja - DEBUG - Running template plugin JavadocToRst
2013-01-18 12:29:19,610 - markdown/box_part.html|markdown|jinja - DEBUG - Running template plugin PrettyPrintJson
2013-01-18 12:29:19,610 - markdown/box_part.html|markdown|jinja - DEBUG - Running template plugin JinjaFilters
2013-01-18 12:29:19,611 - markdown/box_part.html|markdown|jinja - DEBUG - Running template plugin RstCode
2013-01-18 12:29:19,611 - markdown/box_part.html|markdown|jinja - DEBUG - Running template plugin PythonDatetime
2013-01-18 12:29:19,611 - markdown/box_part.html|markdown|jinja - DEBUG - Running template plugin DexyVersion
2013-01-18 12:29:19,612 - markdown/box_part.html|markdown|jinja - DEBUG - Running template plugin SimpleJson
2013-01-18 12:29:19,612 - markdown/box_part.html|markdown|jinja - DEBUG - Running template plugin RegularExpressions
2013-01-18 12:29:19,612 - markdown/box_part.html|markdown|jinja - DEBUG - Running template plugin PythonBuiltins
2013-01-18 12:29:19,612 - markdown/box_part.html|markdown|jinja - DEBUG - Running template plugin PygmentsStylesheet
2013-01-18 12:29:19,656 - markdown/box_part.html|markdown|jinja - DEBUG - Running template plugin Subdirectories
2013-01-18 12:29:19,657 - markdown/box_part.html|markdown|jinja - DEBUG - Running template plugin Variables
2013-01-18 12:29:19,657 - markdown/box_part.html|markdown|jinja - DEBUG - Running template plugin Globals
2013-01-18 12:29:19,657 - markdown/box_part.html|markdown|jinja - DEBUG - Running template plugin Inputs
2013-01-18 12:29:19,663 - markdown/box_part.html|markdown|jinja - DEBUG - jinja template data keys are DEXY_VERSION, a, abs, all, any, args, bin, bool, bytearray, cal, caldates, calendar, callable, chr, cmp, complex, d, datetime, dict, dir, divmod, enumerate, f, filter, float, format, hasattr, hex, highlight, id, int, isinstance, issubclass, iter, json, len, list, locals, long, map, max, min, month, oct, ord, pow, ppjson, pygments, range, re_match, re_search, reduce, repr, reversed, round, s, set, slice, sorted, str, subdirectories, sum, today, tuple, unicode, w, xrange, year, zip
2013-01-18 12:29:19,663 - markdown/box_part.html|markdown|jinja - DEBUG - about to create jinja template
2013-01-18 12:29:19,664 - markdown/box_part.html|markdown|jinja - DEBUG - about to process jinja template
2013-01-18 12:29:19,665 - markdown/copy-part.html|markdown(|jinja) - DEBUG - Running FilterArtifact:markdown/copy-part.html|markdown(|jinja)
2013-01-18 12:29:19,665 - markdown/copy-part.html|markdown(|jinja) - DEBUG - Output is not cached under 3d496b80d034f2fb8d0d1948692d3249, running...
2013-01-18 12:29:19,666 - markdown/copy-part.html|markdown(|jinja) - DEBUG - Initializing Markdown with extensions: ["toc"] and extension configs: {"toc": {}}
2013-01-18 12:29:19,668 - markdown/copy-part.html|markdown|jinja - DEBUG - Running FilterArtifact:markdown/copy-part.html|markdown|jinja
2013-01-18 12:29:19,668 - markdown/copy-part.html|markdown|jinja - DEBUG - Output is not cached under 084958a8df53eb024422f28ec45665ed, running...
2013-01-18 12:29:19,668 - markdown/copy-part.html|markdown|jinja - DEBUG - setting up wd for markdown/copy-part.html|markdown|jinja. exists already: artifacts/084958a8df53eb024422f28ec45665ed/markdown
2013-01-18 12:29:19,686 - markdown/copy-part.html|markdown|jinja - DEBUG - setting up jinja FileSystemLoader with dirs ., artifacts/084958a8df53eb024422f28ec45665ed/markdown, artifacts/084958a8df53eb024422f28ec45665ed
2013-01-18 12:29:19,687 - markdown/copy-part.html|markdown|jinja - DEBUG - setting up jinja environment
2013-01-18 12:29:19,687 - markdown/copy-part.html|markdown|jinja - DEBUG - creating jinja2 environment with: undefined: <class 'jinja2.runtime.StrictUndefined'>, loader: <jinja2.loaders.FileSystemLoader object at 0x10f98bf10>
2013-01-18 12:29:19,687 - markdown/copy-part.html|markdown|jinja - DEBUG - initializing template
2013-01-18 12:29:19,688 - markdown/copy-part.html|markdown|jinja - DEBUG - Running template plugin PrettyPrintHtml
2013-01-18 12:29:19,688 - markdown/copy-part.html|markdown|jinja - DEBUG - Running template plugin JavadocToRst
2013-01-18 12:29:19,688 - markdown/copy-part.html|markdown|jinja - DEBUG - Running template plugin PrettyPrintJson
2013-01-18 12:29:19,688 - markdown/copy-part.html|markdown|jinja - DEBUG - Running template plugin JinjaFilters
2013-01-18 12:29:19,689 - markdown/copy-part.html|markdown|jinja - DEBUG - Running template plugin RstCode
2013-01-18 12:29:19,689 - markdown/copy-part.html|markdown|jinja - DEBUG - Running template plugin PythonDatetime
2013-01-18 12:29:19,689 - markdown/copy-part.html|markdown|jinja - DEBUG - Running template plugin DexyVersion
2013-01-18 12:29:19,690 - markdown/copy-part.html|markdown|jinja - DEBUG - Running template plugin SimpleJson
2013-01-18 12:29:19,690 - markdown/copy-part.html|markdown|jinja - DEBUG - Running template plugin RegularExpressions
2013-01-18 12:29:19,690 - markdown/copy-part.html|markdown|jinja - DEBUG - Running template plugin PythonBuiltins
2013-01-18 12:29:19,691 - markdown/copy-part.html|markdown|jinja - DEBUG - Running template plugin PygmentsStylesheet
2013-01-18 12:29:19,729 - markdown/copy-part.html|markdown|jinja - DEBUG - Running template plugin Subdirectories
2013-01-18 12:29:19,729 - markdown/copy-part.html|markdown|jinja - DEBUG - Running template plugin Variables
2013-01-18 12:29:19,729 - markdown/copy-part.html|markdown|jinja - DEBUG - Running template plugin Globals
2013-01-18 12:29:19,730 - markdown/copy-part.html|markdown|jinja - DEBUG - Running template plugin Inputs
2013-01-18 12:29:19,735 - markdown/copy-part.html|markdown|jinja - DEBUG - jinja template data keys are DEXY_VERSION, a, abs, all, any, args, bin, bool, bytearray, cal, caldates, calendar, callable, chr, cmp, complex, d, datetime, dict, dir, divmod, enumerate, f, filter, float, format, hasattr, hex, highlight, id, int, isinstance, issubclass, iter, json, len, list, locals, long, map, max, min, month, oct, ord, pow, ppjson, pygments, range, re_match, re_search, reduce, repr, reversed, round, s, set, slice, sorted, str, subdirectories, sum, today, tuple, unicode, w, xrange, year, zip
2013-01-18 12:29:19,735 - markdown/copy-part.html|markdown|jinja - DEBUG - about to create jinja template
2013-01-18 12:29:19,736 - markdown/copy-part.html|markdown|jinja - DEBUG - about to process jinja template
2013-01-18 12:29:19,738 - markdown/headlines-part.html|markdown(|jinja) - DEBUG - Running FilterArtifact:markdown/headlines-part.html|markdown(|jinja)
2013-01-18 12:29:19,738 - markdown/headlines-part.html|markdown(|jinja) - DEBUG - Output is not cached under a02ebb1ef306c66d60d90f222563989d, running...
2013-01-18 12:29:19,738 - markdown/headlines-part.html|markdown(|jinja) - DEBUG - Initializing Markdown with extensions: ["toc"] and extension configs: {"toc": {}}
2013-01-18 12:29:19,740 - markdown/headlines-part.html|markdown|jinja - DEBUG - Running FilterArtifact:markdown/headlines-part.html|markdown|jinja
2013-01-18 12:29:19,740 - markdown/headlines-part.html|markdown|jinja - DEBUG - Output is not cached under 611811fc0cd4809d2e182df1dd294f6c, running...
2013-01-18 12:29:19,740 - markdown/headlines-part.html|markdown|jinja - DEBUG - setting up wd for markdown/headlines-part.html|markdown|jinja. exists already: artifacts/611811fc0cd4809d2e182df1dd294f6c/markdown
2013-01-18 12:29:19,759 - markdown/headlines-part.html|markdown|jinja - DEBUG - setting up jinja FileSystemLoader with dirs ., artifacts/611811fc0cd4809d2e182df1dd294f6c/markdown, artifacts/611811fc0cd4809d2e182df1dd294f6c
2013-01-18 12:29:19,759 - markdown/headlines-part.html|markdown|jinja - DEBUG - setting up jinja environment
2013-01-18 12:29:19,760 - markdown/headlines-part.html|markdown|jinja - DEBUG - creating jinja2 environment with: undefined: <class 'jinja2.runtime.StrictUndefined'>, loader: <jinja2.loaders.FileSystemLoader object at 0x10f98b3d0>
2013-01-18 12:29:19,760 - markdown/headlines-part.html|markdown|jinja - DEBUG - initializing template
2013-01-18 12:29:19,760 - markdown/headlines-part.html|markdown|jinja - DEBUG - Running template plugin PrettyPrintHtml
2013-01-18 12:29:19,761 - markdown/headlines-part.html|markdown|jinja - DEBUG - Running template plugin JavadocToRst
2013-01-18 12:29:19,761 - markdown/headlines-part.html|markdown|jinja - DEBUG - Running template plugin PrettyPrintJson
2013-01-18 12:29:19,761 - markdown/headlines-part.html|markdown|jinja - DEBUG - Running template plugin JinjaFilters
2013-01-18 12:29:19,762 - markdown/headlines-part.html|markdown|jinja - DEBUG - Running template plugin RstCode
2013-01-18 12:29:19,762 - markdown/headlines-part.html|markdown|jinja - DEBUG - Running template plugin PythonDatetime
2013-01-18 12:29:19,762 - markdown/headlines-part.html|markdown|jinja - DEBUG - Running template plugin DexyVersion
2013-01-18 12:29:19,762 - markdown/headlines-part.html|markdown|jinja - DEBUG - Running template plugin SimpleJson
2013-01-18 12:29:19,763 - markdown/headlines-part.html|markdown|jinja - DEBUG - Running template plugin RegularExpressions
2013-01-18 12:29:19,763 - markdown/headlines-part.html|markdown|jinja - DEBUG - Running template plugin PythonBuiltins
2013-01-18 12:29:19,763 - markdown/headlines-part.html|markdown|jinja - DEBUG - Running template plugin PygmentsStylesheet
2013-01-18 12:29:19,801 - markdown/headlines-part.html|markdown|jinja - DEBUG - Running template plugin Subdirectories
2013-01-18 12:29:19,802 - markdown/headlines-part.html|markdown|jinja - DEBUG - Running template plugin Variables
2013-01-18 12:29:19,802 - markdown/headlines-part.html|markdown|jinja - DEBUG - Running template plugin Globals
2013-01-18 12:29:19,802 - markdown/headlines-part.html|markdown|jinja - DEBUG - Running template plugin Inputs
2013-01-18 12:29:19,808 - markdown/headlines-part.html|markdown|jinja - DEBUG - jinja template data keys are DEXY_VERSION, a, abs, all, any, args, bin, bool, bytearray, cal, caldates, calendar, callable, chr, cmp, complex, d, datetime, dict, dir, divmod, enumerate, f, filter, float, format, hasattr, hex, highlight, id, int, isinstance, issubclass, iter, json, len, list, locals, long, map, max, min, month, oct, ord, pow, ppjson, pygments, range, re_match, re_search, reduce, repr, reversed, round, s, set, slice, sorted, str, subdirectories, sum, today, tuple, unicode, w, xrange, year, zip
2013-01-18 12:29:19,808 - markdown/headlines-part.html|markdown|jinja - DEBUG - about to create jinja template
2013-01-18 12:29:19,809 - markdown/headlines-part.html|markdown|jinja - DEBUG - about to process jinja template
2013-01-18 12:29:19,810 - markdown/introduction-part.html|markdown(|jinja) - DEBUG - Running FilterArtifact:markdown/introduction-part.html|markdown(|jinja)
2013-01-18 12:29:19,811 - markdown/introduction-part.html|markdown(|jinja) - DEBUG - Output is not cached under cb25d82830c61739d824af25dd761267, running...
2013-01-18 12:29:19,811 - markdown/introduction-part.html|markdown(|jinja) - DEBUG - Initializing Markdown with extensions: ["toc"] and extension configs: {"toc": {}}
2013-01-18 12:29:19,813 - markdown/introduction-part.html|markdown|jinja - DEBUG - Running FilterArtifact:markdown/introduction-part.html|markdown|jinja
2013-01-18 12:29:19,813 - markdown/introduction-part.html|markdown|jinja - DEBUG - Output is not cached under 83d24d73b362df1204362b19f2e909e9, running...
2013-01-18 12:29:19,814 - markdown/introduction-part.html|markdown|jinja - DEBUG - setting up wd for markdown/introduction-part.html|markdown|jinja. exists already: artifacts/83d24d73b362df1204362b19f2e909e9/markdown
2013-01-18 12:29:19,832 - markdown/introduction-part.html|markdown|jinja - DEBUG - setting up jinja FileSystemLoader with dirs ., artifacts/83d24d73b362df1204362b19f2e909e9/markdown, artifacts/83d24d73b362df1204362b19f2e909e9
2013-01-18 12:29:19,832 - markdown/introduction-part.html|markdown|jinja - DEBUG - setting up jinja environment
2013-01-18 12:29:19,833 - markdown/introduction-part.html|markdown|jinja - DEBUG - creating jinja2 environment with: undefined: <class 'jinja2.runtime.StrictUndefined'>, loader: <jinja2.loaders.FileSystemLoader object at 0x10fb2d450>
2013-01-18 12:29:19,833 - markdown/introduction-part.html|markdown|jinja - DEBUG - initializing template
2013-01-18 12:29:19,833 - markdown/introduction-part.html|markdown|jinja - DEBUG - Running template plugin PrettyPrintHtml
2013-01-18 12:29:19,833 - markdown/introduction-part.html|markdown|jinja - DEBUG - Running template plugin JavadocToRst
2013-01-18 12:29:19,834 - markdown/introduction-part.html|markdown|jinja - DEBUG - Running template plugin PrettyPrintJson
2013-01-18 12:29:19,834 - markdown/introduction-part.html|markdown|jinja - DEBUG - Running template plugin JinjaFilters
2013-01-18 12:29:19,834 - markdown/introduction-part.html|markdown|jinja - DEBUG - Running template plugin RstCode
2013-01-18 12:29:19,835 - markdown/introduction-part.html|markdown|jinja - DEBUG - Running template plugin PythonDatetime
2013-01-18 12:29:19,835 - markdown/introduction-part.html|markdown|jinja - DEBUG - Running template plugin DexyVersion
2013-01-18 12:29:19,835 - markdown/introduction-part.html|markdown|jinja - DEBUG - Running template plugin SimpleJson
2013-01-18 12:29:19,836 - markdown/introduction-part.html|markdown|jinja - DEBUG - Running template plugin RegularExpressions
2013-01-18 12:29:19,836 - markdown/introduction-part.html|markdown|jinja - DEBUG - Running template plugin PythonBuiltins
2013-01-18 12:29:19,836 - markdown/introduction-part.html|markdown|jinja - DEBUG - Running template plugin PygmentsStylesheet
2013-01-18 12:29:19,875 - markdown/introduction-part.html|markdown|jinja - DEBUG - Running template plugin Subdirectories
2013-01-18 12:29:19,876 - markdown/introduction-part.html|markdown|jinja - DEBUG - Running template plugin Variables
2013-01-18 12:29:19,876 - markdown/introduction-part.html|markdown|jinja - DEBUG - Running template plugin Globals
2013-01-18 12:29:19,876 - markdown/introduction-part.html|markdown|jinja - DEBUG - Running template plugin Inputs
2013-01-18 12:29:19,882 - markdown/introduction-part.html|markdown|jinja - DEBUG - jinja template data keys are DEXY_VERSION, a, abs, all, any, args, bin, bool, bytearray, cal, caldates, calendar, callable, chr, cmp, complex, d, datetime, dict, dir, divmod, enumerate, f, filter, float, format, hasattr, hex, highlight, id, int, isinstance, issubclass, iter, json, len, list, locals, long, map, max, min, month, oct, ord, pow, ppjson, pygments, range, re_match, re_search, reduce, repr, reversed, round, s, set, slice, sorted, str, subdirectories, sum, today, tuple, unicode, w, xrange, year, zip
2013-01-18 12:29:19,883 - markdown/introduction-part.html|markdown|jinja - DEBUG - about to create jinja template
2013-01-18 12:29:19,884 - markdown/introduction-part.html|markdown|jinja - DEBUG - about to process jinja template
2013-01-18 12:29:19,885 - markdown/line-part.html|markdown(|jinja) - DEBUG - Running FilterArtifact:markdown/line-part.html|markdown(|jinja)
2013-01-18 12:29:19,885 - markdown/line-part.html|markdown(|jinja) - DEBUG - Output is not cached under 097d42631112765910d93322bf47733a, running...
2013-01-18 12:29:19,885 - markdown/line-part.html|markdown(|jinja) - DEBUG - Initializing Markdown with extensions: ["toc"] and extension configs: {"toc": {}}
2013-01-18 12:29:19,887 - markdown/line-part.html|markdown|jinja - DEBUG - Running FilterArtifact:markdown/line-part.html|markdown|jinja
2013-01-18 12:29:19,887 - markdown/line-part.html|markdown|jinja - DEBUG - Output is not cached under 457a11cb5b9fb7e89369b919d459b5e4, running...
2013-01-18 12:29:19,887 - markdown/line-part.html|markdown|jinja - DEBUG - setting up wd for markdown/line-part.html|markdown|jinja. exists already: artifacts/457a11cb5b9fb7e89369b919d459b5e4/markdown
2013-01-18 12:29:19,906 - markdown/line-part.html|markdown|jinja - DEBUG - setting up jinja FileSystemLoader with dirs ., artifacts/457a11cb5b9fb7e89369b919d459b5e4/markdown, artifacts/457a11cb5b9fb7e89369b919d459b5e4
2013-01-18 12:29:19,907 - markdown/line-part.html|markdown|jinja - DEBUG - setting up jinja environment
2013-01-18 12:29:19,907 - markdown/line-part.html|markdown|jinja - DEBUG - creating jinja2 environment with: undefined: <class 'jinja2.runtime.StrictUndefined'>, loader: <jinja2.loaders.FileSystemLoader object at 0x10f9a0310>
2013-01-18 12:29:19,907 - markdown/line-part.html|markdown|jinja - DEBUG - initializing template
2013-01-18 12:29:19,908 - markdown/line-part.html|markdown|jinja - DEBUG - Running template plugin PrettyPrintHtml
2013-01-18 12:29:19,908 - markdown/line-part.html|markdown|jinja - DEBUG - Running template plugin JavadocToRst
2013-01-18 12:29:19,908 - markdown/line-part.html|markdown|jinja - DEBUG - Running template plugin PrettyPrintJson
2013-01-18 12:29:19,908 - markdown/line-part.html|markdown|jinja - DEBUG - Running template plugin JinjaFilters
2013-01-18 12:29:19,909 - markdown/line-part.html|markdown|jinja - DEBUG - Running template plugin RstCode
2013-01-18 12:29:19,909 - markdown/line-part.html|markdown|jinja - DEBUG - Running template plugin PythonDatetime
2013-01-18 12:29:19,909 - markdown/line-part.html|markdown|jinja - DEBUG - Running template plugin DexyVersion
2013-01-18 12:29:19,910 - markdown/line-part.html|markdown|jinja - DEBUG - Running template plugin SimpleJson
2013-01-18 12:29:19,910 - markdown/line-part.html|markdown|jinja - DEBUG - Running template plugin RegularExpressions
2013-01-18 12:29:19,910 - markdown/line-part.html|markdown|jinja - DEBUG - Running template plugin PythonBuiltins
2013-01-18 12:29:19,910 - markdown/line-part.html|markdown|jinja - DEBUG - Running template plugin PygmentsStylesheet
2013-01-18 12:29:19,949 - markdown/line-part.html|markdown|jinja - DEBUG - Running template plugin Subdirectories
2013-01-18 12:29:19,950 - markdown/line-part.html|markdown|jinja - DEBUG - Running template plugin Variables
2013-01-18 12:29:19,950 - markdown/line-part.html|markdown|jinja - DEBUG - Running template plugin Globals
2013-01-18 12:29:19,950 - markdown/line-part.html|markdown|jinja - DEBUG - Running template plugin Inputs
2013-01-18 12:29:19,956 - markdown/line-part.html|markdown|jinja - DEBUG - jinja template data keys are DEXY_VERSION, a, abs, all, any, args, bin, bool, bytearray, cal, caldates, calendar, callable, chr, cmp, complex, d, datetime, dict, dir, divmod, enumerate, f, filter, float, format, hasattr, hex, highlight, id, int, isinstance, issubclass, iter, json, len, list, locals, long, map, max, min, month, oct, ord, pow, ppjson, pygments, range, re_match, re_search, reduce, repr, reversed, round, s, set, slice, sorted, str, subdirectories, sum, today, tuple, unicode, w, xrange, year, zip
2013-01-18 12:29:19,956 - markdown/line-part.html|markdown|jinja - DEBUG - about to create jinja template
2013-01-18 12:29:19,957 - markdown/line-part.html|markdown|jinja - DEBUG - about to process jinja template
2013-01-18 12:29:19,958 - markdown/list-part.html|markdown(|jinja) - DEBUG - Running FilterArtifact:markdown/list-part.html|markdown(|jinja)
2013-01-18 12:29:19,958 - markdown/list-part.html|markdown(|jinja) - DEBUG - Output is not cached under 1fe4c774a2ee7adada779dcff0853c3a, running...
2013-01-18 12:29:19,959 - markdown/list-part.html|markdown(|jinja) - DEBUG - Initializing Markdown with extensions: ["toc"] and extension configs: {"toc": {}}
2013-01-18 12:29:19,960 - markdown/list-part.html|markdown|jinja - DEBUG - Running FilterArtifact:markdown/list-part.html|markdown|jinja
2013-01-18 12:29:19,961 - markdown/list-part.html|markdown|jinja - DEBUG - Output is not cached under f72a118b351edc13c7ec39a130cb9223, running...
2013-01-18 12:29:19,961 - markdown/list-part.html|markdown|jinja - DEBUG - setting up wd for markdown/list-part.html|markdown|jinja. exists already: artifacts/f72a118b351edc13c7ec39a130cb9223/markdown
2013-01-18 12:29:19,980 - markdown/list-part.html|markdown|jinja - DEBUG - setting up jinja FileSystemLoader with dirs ., artifacts/f72a118b351edc13c7ec39a130cb9223/markdown, artifacts/f72a118b351edc13c7ec39a130cb9223
2013-01-18 12:29:19,980 - markdown/list-part.html|markdown|jinja - DEBUG - setting up jinja environment
2013-01-18 12:29:19,980 - markdown/list-part.html|markdown|jinja - DEBUG - creating jinja2 environment with: undefined: <class 'jinja2.runtime.StrictUndefined'>, loader: <jinja2.loaders.FileSystemLoader object at 0x10f9a0610>
2013-01-18 12:29:19,981 - markdown/list-part.html|markdown|jinja - DEBUG - initializing template
2013-01-18 12:29:19,981 - markdown/list-part.html|markdown|jinja - DEBUG - Running template plugin PrettyPrintHtml
2013-01-18 12:29:19,981 - markdown/list-part.html|markdown|jinja - DEBUG - Running template plugin JavadocToRst
2013-01-18 12:29:19,981 - markdown/list-part.html|markdown|jinja - DEBUG - Running template plugin PrettyPrintJson
2013-01-18 12:29:19,982 - markdown/list-part.html|markdown|jinja - DEBUG - Running template plugin JinjaFilters
2013-01-18 12:29:19,982 - markdown/list-part.html|markdown|jinja - DEBUG - Running template plugin RstCode
2013-01-18 12:29:19,982 - markdown/list-part.html|markdown|jinja - DEBUG - Running template plugin PythonDatetime
2013-01-18 12:29:19,983 - markdown/list-part.html|markdown|jinja - DEBUG - Running template plugin DexyVersion
2013-01-18 12:29:19,983 - markdown/list-part.html|markdown|jinja - DEBUG - Running template plugin SimpleJson
2013-01-18 12:29:19,983 - markdown/list-part.html|markdown|jinja - DEBUG - Running template plugin RegularExpressions
2013-01-18 12:29:19,983 - markdown/list-part.html|markdown|jinja - DEBUG - Running template plugin PythonBuiltins
2013-01-18 12:29:19,984 - markdown/list-part.html|markdown|jinja - DEBUG - Running template plugin PygmentsStylesheet
2013-01-18 12:29:20,022 - markdown/list-part.html|markdown|jinja - DEBUG - Running template plugin Subdirectories
2013-01-18 12:29:20,022 - markdown/list-part.html|markdown|jinja - DEBUG - Running template plugin Variables
2013-01-18 12:29:20,023 - markdown/list-part.html|markdown|jinja - DEBUG - Running template plugin Globals
2013-01-18 12:29:20,023 - markdown/list-part.html|markdown|jinja - DEBUG - Running template plugin Inputs
2013-01-18 12:29:20,028 - markdown/list-part.html|markdown|jinja - DEBUG - jinja template data keys are DEXY_VERSION, a, abs, all, any, args, bin, bool, bytearray, cal, caldates, calendar, callable, chr, cmp, complex, d, datetime, dict, dir, divmod, enumerate, f, filter, float, format, hasattr, hex, highlight, id, int, isinstance, issubclass, iter, json, len, list, locals, long, map, max, min, month, oct, ord, pow, ppjson, pygments, range, re_match, re_search, reduce, repr, reversed, round, s, set, slice, sorted, str, subdirectories, sum, today, tuple, unicode, w, xrange, year, zip
2013-01-18 12:29:20,029 - markdown/list-part.html|markdown|jinja - DEBUG - about to create jinja template
2013-01-18 12:29:20,029 - markdown/list-part.html|markdown|jinja - DEBUG - about to process jinja template
2013-01-18 12:29:20,031 - markdown/list_numbers-part.html|markdown(|jinja) - DEBUG - Running FilterArtifact:markdown/list_numbers-part.html|markdown(|jinja)
2013-01-18 12:29:20,031 - markdown/list_numbers-part.html|markdown(|jinja) - DEBUG - Output is not cached under e8eef38e9f4f75b8154e619839637b3a, running...
2013-01-18 12:29:20,031 - markdown/list_numbers-part.html|markdown(|jinja) - DEBUG - Initializing Markdown with extensions: ["toc"] and extension configs: {"toc": {}}
2013-01-18 12:29:20,033 - markdown/list_numbers-part.html|markdown|jinja - DEBUG - Running FilterArtifact:markdown/list_numbers-part.html|markdown|jinja
2013-01-18 12:29:20,033 - markdown/list_numbers-part.html|markdown|jinja - DEBUG - Output is not cached under d61d701a9ef800c788363df33ff6f915, running...
2013-01-18 12:29:20,033 - markdown/list_numbers-part.html|markdown|jinja - DEBUG - setting up wd for markdown/list_numbers-part.html|markdown|jinja. exists already: artifacts/d61d701a9ef800c788363df33ff6f915/markdown
2013-01-18 12:29:20,052 - markdown/list_numbers-part.html|markdown|jinja - DEBUG - setting up jinja FileSystemLoader with dirs ., artifacts/d61d701a9ef800c788363df33ff6f915/markdown, artifacts/d61d701a9ef800c788363df33ff6f915
2013-01-18 12:29:20,052 - markdown/list_numbers-part.html|markdown|jinja - DEBUG - setting up jinja environment
2013-01-18 12:29:20,052 - markdown/list_numbers-part.html|markdown|jinja - DEBUG - creating jinja2 environment with: undefined: <class 'jinja2.runtime.StrictUndefined'>, loader: <jinja2.loaders.FileSystemLoader object at 0x10f9a0910>
2013-01-18 12:29:20,053 - markdown/list_numbers-part.html|markdown|jinja - DEBUG - initializing template
2013-01-18 12:29:20,053 - markdown/list_numbers-part.html|markdown|jinja - DEBUG - Running template plugin PrettyPrintHtml
2013-01-18 12:29:20,053 - markdown/list_numbers-part.html|markdown|jinja - DEBUG - Running template plugin JavadocToRst
2013-01-18 12:29:20,054 - markdown/list_numbers-part.html|markdown|jinja - DEBUG - Running template plugin PrettyPrintJson
2013-01-18 12:29:20,054 - markdown/list_numbers-part.html|markdown|jinja - DEBUG - Running template plugin JinjaFilters
2013-01-18 12:29:20,054 - markdown/list_numbers-part.html|markdown|jinja - DEBUG - Running template plugin RstCode
2013-01-18 12:29:20,054 - markdown/list_numbers-part.html|markdown|jinja - DEBUG - Running template plugin PythonDatetime
2013-01-18 12:29:20,055 - markdown/list_numbers-part.html|markdown|jinja - DEBUG - Running template plugin DexyVersion
2013-01-18 12:29:20,055 - markdown/list_numbers-part.html|markdown|jinja - DEBUG - Running template plugin SimpleJson
2013-01-18 12:29:20,055 - markdown/list_numbers-part.html|markdown|jinja - DEBUG - Running template plugin RegularExpressions
2013-01-18 12:29:20,056 - markdown/list_numbers-part.html|markdown|jinja - DEBUG - Running template plugin PythonBuiltins
2013-01-18 12:29:20,056 - markdown/list_numbers-part.html|markdown|jinja - DEBUG - Running template plugin PygmentsStylesheet
2013-01-18 12:29:20,101 - markdown/list_numbers-part.html|markdown|jinja - DEBUG - Running template plugin Subdirectories
2013-01-18 12:29:20,101 - markdown/list_numbers-part.html|markdown|jinja - DEBUG - Running template plugin Variables
2013-01-18 12:29:20,101 - markdown/list_numbers-part.html|markdown|jinja - DEBUG - Running template plugin Globals
2013-01-18 12:29:20,101 - markdown/list_numbers-part.html|markdown|jinja - DEBUG - Running template plugin Inputs
2013-01-18 12:29:20,107 - markdown/list_numbers-part.html|markdown|jinja - DEBUG - jinja template data keys are DEXY_VERSION, a, abs, all, any, args, bin, bool, bytearray, cal, caldates, calendar, callable, chr, cmp, complex, d, datetime, dict, dir, divmod, enumerate, f, filter, float, format, hasattr, hex, highlight, id, int, isinstance, issubclass, iter, json, len, list, locals, long, map, max, min, month, oct, ord, pow, ppjson, pygments, range, re_match, re_search, reduce, repr, reversed, round, s, set, slice, sorted, str, subdirectories, sum, today, tuple, unicode, w, xrange, year, zip
2013-01-18 12:29:20,107 - markdown/list_numbers-part.html|markdown|jinja - DEBUG - about to create jinja template
2013-01-18 12:29:20,108 - markdown/list_numbers-part.html|markdown|jinja - DEBUG - about to process jinja template
2013-01-18 12:29:20,109 - markdown/list_tasks-part.html|markdown(|jinja) - DEBUG - Running FilterArtifact:markdown/list_tasks-part.html|markdown(|jinja)
2013-01-18 12:29:20,110 - markdown/list_tasks-part.html|markdown(|jinja) - DEBUG - Output is not cached under 864f5b785ad112f389a4dec84b37bc91, running...
2013-01-18 12:29:20,110 - markdown/list_tasks-part.html|markdown(|jinja) - DEBUG - Initializing Markdown with extensions: ["toc"] and extension configs: {"toc": {}}
2013-01-18 12:29:20,112 - markdown/list_tasks-part.html|markdown|jinja - DEBUG - Running FilterArtifact:markdown/list_tasks-part.html|markdown|jinja
2013-01-18 12:29:20,112 - markdown/list_tasks-part.html|markdown|jinja - DEBUG - Output is not cached under 7b529953314ceb5c0f17f64150a5e7ff, running...
2013-01-18 12:29:20,113 - markdown/list_tasks-part.html|markdown|jinja - DEBUG - setting up wd for markdown/list_tasks-part.html|markdown|jinja. exists already: artifacts/7b529953314ceb5c0f17f64150a5e7ff/markdown
2013-01-18 12:29:20,131 - markdown/list_tasks-part.html|markdown|jinja - DEBUG - setting up jinja FileSystemLoader with dirs ., artifacts/7b529953314ceb5c0f17f64150a5e7ff/markdown, artifacts/7b529953314ceb5c0f17f64150a5e7ff
2013-01-18 12:29:20,131 - markdown/list_tasks-part.html|markdown|jinja - DEBUG - setting up jinja environment
2013-01-18 12:29:20,132 - markdown/list_tasks-part.html|markdown|jinja - DEBUG - creating jinja2 environment with: undefined: <class 'jinja2.runtime.StrictUndefined'>, loader: <jinja2.loaders.FileSystemLoader object at 0x10fb2ded0>
2013-01-18 12:29:20,132 - markdown/list_tasks-part.html|markdown|jinja - DEBUG - initializing template
2013-01-18 12:29:20,132 - markdown/list_tasks-part.html|markdown|jinja - DEBUG - Running template plugin PrettyPrintHtml
2013-01-18 12:29:20,133 - markdown/list_tasks-part.html|markdown|jinja - DEBUG - Running template plugin JavadocToRst
2013-01-18 12:29:20,133 - markdown/list_tasks-part.html|markdown|jinja - DEBUG - Running template plugin PrettyPrintJson
2013-01-18 12:29:20,133 - markdown/list_tasks-part.html|markdown|jinja - DEBUG - Running template plugin JinjaFilters
2013-01-18 12:29:20,133 - markdown/list_tasks-part.html|markdown|jinja - DEBUG - Running template plugin RstCode
2013-01-18 12:29:20,134 - markdown/list_tasks-part.html|markdown|jinja - DEBUG - Running template plugin PythonDatetime
2013-01-18 12:29:20,134 - markdown/list_tasks-part.html|markdown|jinja - DEBUG - Running template plugin DexyVersion
2013-01-18 12:29:20,134 - markdown/list_tasks-part.html|markdown|jinja - DEBUG - Running template plugin SimpleJson
2013-01-18 12:29:20,134 - markdown/list_tasks-part.html|markdown|jinja - DEBUG - Running template plugin RegularExpressions
2013-01-18 12:29:20,135 - markdown/list_tasks-part.html|markdown|jinja - DEBUG - Running template plugin PythonBuiltins
2013-01-18 12:29:20,135 - markdown/list_tasks-part.html|markdown|jinja - DEBUG - Running template plugin PygmentsStylesheet
2013-01-18 12:29:20,179 - markdown/list_tasks-part.html|markdown|jinja - DEBUG - Running template plugin Subdirectories
2013-01-18 12:29:20,179 - markdown/list_tasks-part.html|markdown|jinja - DEBUG - Running template plugin Variables
2013-01-18 12:29:20,179 - markdown/list_tasks-part.html|markdown|jinja - DEBUG - Running template plugin Globals
2013-01-18 12:29:20,179 - markdown/list_tasks-part.html|markdown|jinja - DEBUG - Running template plugin Inputs
2013-01-18 12:29:20,185 - markdown/list_tasks-part.html|markdown|jinja - DEBUG - jinja template data keys are DEXY_VERSION, a, abs, all, any, args, bin, bool, bytearray, cal, caldates, calendar, callable, chr, cmp, complex, d, datetime, dict, dir, divmod, enumerate, f, filter, float, format, hasattr, hex, highlight, id, int, isinstance, issubclass, iter, json, len, list, locals, long, map, max, min, month, oct, ord, pow, ppjson, pygments, range, re_match, re_search, reduce, repr, reversed, round, s, set, slice, sorted, str, subdirectories, sum, today, tuple, unicode, w, xrange, year, zip
2013-01-18 12:29:20,185 - markdown/list_tasks-part.html|markdown|jinja - DEBUG - about to create jinja template
2013-01-18 12:29:20,187 - markdown/list_tasks-part.html|markdown|jinja - DEBUG - about to process jinja template
2013-01-18 12:29:20,188 - markdown/panel-part.html|markdown(|jinja) - DEBUG - Running FilterArtifact:markdown/panel-part.html|markdown(|jinja)
2013-01-18 12:29:20,188 - markdown/panel-part.html|markdown(|jinja) - DEBUG - Output is not cached under fb5a29e9f9f93ec2364e1d72e43783c7, running...
2013-01-18 12:29:20,189 - markdown/panel-part.html|markdown(|jinja) - DEBUG - Initializing Markdown with extensions: ["toc"] and extension configs: {"toc": {}}
2013-01-18 12:29:20,190 - markdown/panel-part.html|markdown|jinja - DEBUG - Running FilterArtifact:markdown/panel-part.html|markdown|jinja
2013-01-18 12:29:20,191 - markdown/panel-part.html|markdown|jinja - DEBUG - Output is not cached under 0126794551a5dc56f7690014b8c69aeb, running...
2013-01-18 12:29:20,191 - markdown/panel-part.html|markdown|jinja - DEBUG - setting up wd for markdown/panel-part.html|markdown|jinja. exists already: artifacts/0126794551a5dc56f7690014b8c69aeb/markdown
2013-01-18 12:29:20,209 - markdown/panel-part.html|markdown|jinja - DEBUG - setting up jinja FileSystemLoader with dirs ., artifacts/0126794551a5dc56f7690014b8c69aeb/markdown, artifacts/0126794551a5dc56f7690014b8c69aeb
2013-01-18 12:29:20,210 - markdown/panel-part.html|markdown|jinja - DEBUG - setting up jinja environment
2013-01-18 12:29:20,210 - markdown/panel-part.html|markdown|jinja - DEBUG - creating jinja2 environment with: undefined: <class 'jinja2.runtime.StrictUndefined'>, loader: <jinja2.loaders.FileSystemLoader object at 0x10f98b5d0>
2013-01-18 12:29:20,210 - markdown/panel-part.html|markdown|jinja - DEBUG - initializing template
2013-01-18 12:29:20,210 - markdown/panel-part.html|markdown|jinja - DEBUG - Running template plugin PrettyPrintHtml
2013-01-18 12:29:20,211 - markdown/panel-part.html|markdown|jinja - DEBUG - Running template plugin JavadocToRst
2013-01-18 12:29:20,211 - markdown/panel-part.html|markdown|jinja - DEBUG - Running template plugin PrettyPrintJson
2013-01-18 12:29:20,211 - markdown/panel-part.html|markdown|jinja - DEBUG - Running template plugin JinjaFilters
2013-01-18 12:29:20,212 - markdown/panel-part.html|markdown|jinja - DEBUG - Running template plugin RstCode
2013-01-18 12:29:20,212 - markdown/panel-part.html|markdown|jinja - DEBUG - Running template plugin PythonDatetime
2013-01-18 12:29:20,212 - markdown/panel-part.html|markdown|jinja - DEBUG - Running template plugin DexyVersion
2013-01-18 12:29:20,212 - markdown/panel-part.html|markdown|jinja - DEBUG - Running template plugin SimpleJson
2013-01-18 12:29:20,213 - markdown/panel-part.html|markdown|jinja - DEBUG - Running template plugin RegularExpressions
2013-01-18 12:29:20,213 - markdown/panel-part.html|markdown|jinja - DEBUG - Running template plugin PythonBuiltins
2013-01-18 12:29:20,213 - markdown/panel-part.html|markdown|jinja - DEBUG - Running template plugin PygmentsStylesheet
2013-01-18 12:29:20,252 - markdown/panel-part.html|markdown|jinja - DEBUG - Running template plugin Subdirectories
2013-01-18 12:29:20,253 - markdown/panel-part.html|markdown|jinja - DEBUG - Running template plugin Variables
2013-01-18 12:29:20,253 - markdown/panel-part.html|markdown|jinja - DEBUG - Running template plugin Globals
2013-01-18 12:29:20,253 - markdown/panel-part.html|markdown|jinja - DEBUG - Running template plugin Inputs
2013-01-18 12:29:20,258 - markdown/panel-part.html|markdown|jinja - DEBUG - jinja template data keys are DEXY_VERSION, a, abs, all, any, args, bin, bool, bytearray, cal, caldates, calendar, callable, chr, cmp, complex, d, datetime, dict, dir, divmod, enumerate, f, filter, float, format, hasattr, hex, highlight, id, int, isinstance, issubclass, iter, json, len, list, locals, long, map, max, min, month, oct, ord, pow, ppjson, pygments, range, re_match, re_search, reduce, repr, reversed, round, s, set, slice, sorted, str, subdirectories, sum, today, tuple, unicode, w, xrange, year, zip
2013-01-18 12:29:20,259 - markdown/panel-part.html|markdown|jinja - DEBUG - about to create jinja template
2013-01-18 12:29:20,260 - markdown/panel-part.html|markdown|jinja - DEBUG - about to process jinja template
2013-01-18 12:29:20,261 - markdown/quote-part.html|markdown(|jinja) - DEBUG - Running FilterArtifact:markdown/quote-part.html|markdown(|jinja)
2013-01-18 12:29:20,261 - markdown/quote-part.html|markdown(|jinja) - DEBUG - Output is not cached under 0387604d5a1f3afc97f006fc8aaed25d, running...
2013-01-18 12:29:20,261 - markdown/quote-part.html|markdown(|jinja) - DEBUG - Initializing Markdown with extensions: ["toc"] and extension configs: {"toc": {}}
2013-01-18 12:29:20,263 - markdown/quote-part.html|markdown|jinja - DEBUG - Running FilterArtifact:markdown/quote-part.html|markdown|jinja
2013-01-18 12:29:20,263 - markdown/quote-part.html|markdown|jinja - DEBUG - Output is not cached under f1656fe95610f5b75506371f366b4b5f, running...
2013-01-18 12:29:20,263 - markdown/quote-part.html|markdown|jinja - DEBUG - setting up wd for markdown/quote-part.html|markdown|jinja. exists already: artifacts/f1656fe95610f5b75506371f366b4b5f/markdown
2013-01-18 12:29:20,282 - markdown/quote-part.html|markdown|jinja - DEBUG - setting up jinja FileSystemLoader with dirs ., artifacts/f1656fe95610f5b75506371f366b4b5f/markdown, artifacts/f1656fe95610f5b75506371f366b4b5f
2013-01-18 12:29:20,282 - markdown/quote-part.html|markdown|jinja - DEBUG - setting up jinja environment
2013-01-18 12:29:20,282 - markdown/quote-part.html|markdown|jinja - DEBUG - creating jinja2 environment with: undefined: <class 'jinja2.runtime.StrictUndefined'>, loader: <jinja2.loaders.FileSystemLoader object at 0x10f98bf10>
2013-01-18 12:29:20,283 - markdown/quote-part.html|markdown|jinja - DEBUG - initializing template
2013-01-18 12:29:20,283 - markdown/quote-part.html|markdown|jinja - DEBUG - Running template plugin PrettyPrintHtml
2013-01-18 12:29:20,283 - markdown/quote-part.html|markdown|jinja - DEBUG - Running template plugin JavadocToRst
2013-01-18 12:29:20,283 - markdown/quote-part.html|markdown|jinja - DEBUG - Running template plugin PrettyPrintJson
2013-01-18 12:29:20,284 - markdown/quote-part.html|markdown|jinja - DEBUG - Running template plugin JinjaFilters
2013-01-18 12:29:20,284 - markdown/quote-part.html|markdown|jinja - DEBUG - Running template plugin RstCode
2013-01-18 12:29:20,284 - markdown/quote-part.html|markdown|jinja - DEBUG - Running template plugin PythonDatetime
2013-01-18 12:29:20,284 - markdown/quote-part.html|markdown|jinja - DEBUG - Running template plugin DexyVersion
2013-01-18 12:29:20,285 - markdown/quote-part.html|markdown|jinja - DEBUG - Running template plugin SimpleJson
2013-01-18 12:29:20,285 - markdown/quote-part.html|markdown|jinja - DEBUG - Running template plugin RegularExpressions
2013-01-18 12:29:20,285 - markdown/quote-part.html|markdown|jinja - DEBUG - Running template plugin PythonBuiltins
2013-01-18 12:29:20,286 - markdown/quote-part.html|markdown|jinja - DEBUG - Running template plugin PygmentsStylesheet
2013-01-18 12:29:20,330 - markdown/quote-part.html|markdown|jinja - DEBUG - Running template plugin Subdirectories
2013-01-18 12:29:20,330 - markdown/quote-part.html|markdown|jinja - DEBUG - Running template plugin Variables
2013-01-18 12:29:20,330 - markdown/quote-part.html|markdown|jinja - DEBUG - Running template plugin Globals
2013-01-18 12:29:20,331 - markdown/quote-part.html|markdown|jinja - DEBUG - Running template plugin Inputs
2013-01-18 12:29:20,336 - markdown/quote-part.html|markdown|jinja - DEBUG - jinja template data keys are DEXY_VERSION, a, abs, all, any, args, bin, bool, bytearray, cal, caldates, calendar, callable, chr, cmp, complex, d, datetime, dict, dir, divmod, enumerate, f, filter, float, format, hasattr, hex, highlight, id, int, isinstance, issubclass, iter, json, len, list, locals, long, map, max, min, month, oct, ord, pow, ppjson, pygments, range, re_match, re_search, reduce, repr, reversed, round, s, set, slice, sorted, str, subdirectories, sum, today, tuple, unicode, w, xrange, year, zip
2013-01-18 12:29:20,336 - markdown/quote-part.html|markdown|jinja - DEBUG - about to create jinja template
2013-01-18 12:29:20,337 - markdown/quote-part.html|markdown|jinja - DEBUG - about to process jinja template
2013-01-18 12:29:20,339 - markdown/tables-part.html|markdown(|jinja) - DEBUG - Running FilterArtifact:markdown/tables-part.html|markdown(|jinja)
2013-01-18 12:29:20,339 - markdown/tables-part.html|markdown(|jinja) - DEBUG - Output is not cached under 03f96e995cf7654f758a0a8f45fad212, running...
2013-01-18 12:29:20,339 - markdown/tables-part.html|markdown(|jinja) - DEBUG - Initializing Markdown with extensions: ["toc"] and extension configs: {"toc": {}}
2013-01-18 12:29:20,341 - markdown/tables-part.html|markdown|jinja - DEBUG - Running FilterArtifact:markdown/tables-part.html|markdown|jinja
2013-01-18 12:29:20,342 - markdown/tables-part.html|markdown|jinja - DEBUG - Output is not cached under c3ff2d71ba3943e554437ce236452c10, running...
2013-01-18 12:29:20,342 - markdown/tables-part.html|markdown|jinja - DEBUG - setting up wd for markdown/tables-part.html|markdown|jinja. exists already: artifacts/c3ff2d71ba3943e554437ce236452c10/markdown
2013-01-18 12:29:20,360 - markdown/tables-part.html|markdown|jinja - DEBUG - setting up jinja FileSystemLoader with dirs ., artifacts/c3ff2d71ba3943e554437ce236452c10/markdown, artifacts/c3ff2d71ba3943e554437ce236452c10
2013-01-18 12:29:20,360 - markdown/tables-part.html|markdown|jinja - DEBUG - setting up jinja environment
2013-01-18 12:29:20,361 - markdown/tables-part.html|markdown|jinja - DEBUG - creating jinja2 environment with: undefined: <class 'jinja2.runtime.StrictUndefined'>, loader: <jinja2.loaders.FileSystemLoader object at 0x10f9a0750>
2013-01-18 12:29:20,361 - markdown/tables-part.html|markdown|jinja - DEBUG - initializing template
2013-01-18 12:29:20,361 - markdown/tables-part.html|markdown|jinja - DEBUG - Running template plugin PrettyPrintHtml
2013-01-18 12:29:20,361 - markdown/tables-part.html|markdown|jinja - DEBUG - Running template plugin JavadocToRst
2013-01-18 12:29:20,362 - markdown/tables-part.html|markdown|jinja - DEBUG - Running template plugin PrettyPrintJson
2013-01-18 12:29:20,362 - markdown/tables-part.html|markdown|jinja - DEBUG - Running template plugin JinjaFilters
2013-01-18 12:29:20,362 - markdown/tables-part.html|markdown|jinja - DEBUG - Running template plugin RstCode
2013-01-18 12:29:20,362 - markdown/tables-part.html|markdown|jinja - DEBUG - Running template plugin PythonDatetime
2013-01-18 12:29:20,363 - markdown/tables-part.html|markdown|jinja - DEBUG - Running template plugin DexyVersion
2013-01-18 12:29:20,363 - markdown/tables-part.html|markdown|jinja - DEBUG - Running template plugin SimpleJson
2013-01-18 12:29:20,363 - markdown/tables-part.html|markdown|jinja - DEBUG - Running template plugin RegularExpressions
2013-01-18 12:29:20,364 - markdown/tables-part.html|markdown|jinja - DEBUG - Running template plugin PythonBuiltins
2013-01-18 12:29:20,364 - markdown/tables-part.html|markdown|jinja - DEBUG - Running template plugin PygmentsStylesheet
2013-01-18 12:29:20,402 - markdown/tables-part.html|markdown|jinja - DEBUG - Running template plugin Subdirectories
2013-01-18 12:29:20,403 - markdown/tables-part.html|markdown|jinja - DEBUG - Running template plugin Variables
2013-01-18 12:29:20,403 - markdown/tables-part.html|markdown|jinja - DEBUG - Running template plugin Globals
2013-01-18 12:29:20,403 - markdown/tables-part.html|markdown|jinja - DEBUG - Running template plugin Inputs
2013-01-18 12:29:20,409 - markdown/tables-part.html|markdown|jinja - DEBUG - jinja template data keys are DEXY_VERSION, a, abs, all, any, args, bin, bool, bytearray, cal, caldates, calendar, callable, chr, cmp, complex, d, datetime, dict, dir, divmod, enumerate, f, filter, float, format, hasattr, hex, highlight, id, int, isinstance, issubclass, iter, json, len, list, locals, long, map, max, min, month, oct, ord, pow, ppjson, pygments, range, re_match, re_search, reduce, repr, reversed, round, s, set, slice, sorted, str, subdirectories, sum, today, tuple, unicode, w, xrange, year, zip
2013-01-18 12:29:20,409 - markdown/tables-part.html|markdown|jinja - DEBUG - about to create jinja template
2013-01-18 12:29:20,411 - markdown/tables-part.html|markdown|jinja - DEBUG - about to process jinja template
2013-01-18 12:29:20,413 - markdown/title-part.html|markdown(|jinja) - DEBUG - Running FilterArtifact:markdown/title-part.html|markdown(|jinja)
2013-01-18 12:29:20,413 - markdown/title-part.html|markdown(|jinja) - DEBUG - Output is not cached under 4833ab325018705605bc785c19f575e0, running...
2013-01-18 12:29:20,413 - markdown/title-part.html|markdown(|jinja) - DEBUG - Initializing Markdown with extensions: ["toc"] and extension configs: {"toc": {}}
2013-01-18 12:29:20,416 - markdown/title-part.html|markdown|jinja - DEBUG - Running FilterArtifact:markdown/title-part.html|markdown|jinja
2013-01-18 12:29:20,416 - markdown/title-part.html|markdown|jinja - DEBUG - Output is not cached under 7aa930e69a11d91a03c9665545330c05, running...
2013-01-18 12:29:20,416 - markdown/title-part.html|markdown|jinja - DEBUG - setting up wd for markdown/title-part.html|markdown|jinja. exists already: artifacts/7aa930e69a11d91a03c9665545330c05/markdown
2013-01-18 12:29:20,435 - markdown/title-part.html|markdown|jinja - DEBUG - setting up jinja FileSystemLoader with dirs ., artifacts/7aa930e69a11d91a03c9665545330c05/markdown, artifacts/7aa930e69a11d91a03c9665545330c05
2013-01-18 12:29:20,435 - markdown/title-part.html|markdown|jinja - DEBUG - setting up jinja environment
2013-01-18 12:29:20,436 - markdown/title-part.html|markdown|jinja - DEBUG - creating jinja2 environment with: undefined: <class 'jinja2.runtime.StrictUndefined'>, loader: <jinja2.loaders.FileSystemLoader object at 0x10f9a0550>
2013-01-18 12:29:20,436 - markdown/title-part.html|markdown|jinja - DEBUG - initializing template
2013-01-18 12:29:20,437 - markdown/title-part.html|markdown|jinja - DEBUG - Running template plugin PrettyPrintHtml
2013-01-18 12:29:20,437 - markdown/title-part.html|markdown|jinja - DEBUG - Running template plugin JavadocToRst
2013-01-18 12:29:20,437 - markdown/title-part.html|markdown|jinja - DEBUG - Running template plugin PrettyPrintJson
2013-01-18 12:29:20,437 - markdown/title-part.html|markdown|jinja - DEBUG - Running template plugin JinjaFilters
2013-01-18 12:29:20,438 - markdown/title-part.html|markdown|jinja - DEBUG - Running template plugin RstCode
2013-01-18 12:29:20,438 - markdown/title-part.html|markdown|jinja - DEBUG - Running template plugin PythonDatetime
2013-01-18 12:29:20,438 - markdown/title-part.html|markdown|jinja - DEBUG - Running template plugin DexyVersion
2013-01-18 12:29:20,438 - markdown/title-part.html|markdown|jinja - DEBUG - Running template plugin SimpleJson
2013-01-18 12:29:20,439 - markdown/title-part.html|markdown|jinja - DEBUG - Running template plugin RegularExpressions
2013-01-18 12:29:20,439 - markdown/title-part.html|markdown|jinja - DEBUG - Running template plugin PythonBuiltins
2013-01-18 12:29:20,439 - markdown/title-part.html|markdown|jinja - DEBUG - Running template plugin PygmentsStylesheet
2013-01-18 12:29:20,484 - markdown/title-part.html|markdown|jinja - DEBUG - Running template plugin Subdirectories
2013-01-18 12:29:20,485 - markdown/title-part.html|markdown|jinja - DEBUG - Running template plugin Variables
2013-01-18 12:29:20,485 - markdown/title-part.html|markdown|jinja - DEBUG - Running template plugin Globals
2013-01-18 12:29:20,485 - markdown/title-part.html|markdown|jinja - DEBUG - Running template plugin Inputs
2013-01-18 12:29:20,491 - markdown/title-part.html|markdown|jinja - DEBUG - jinja template data keys are DEXY_VERSION, a, abs, all, any, args, bin, bool, bytearray, cal, caldates, calendar, callable, chr, cmp, complex, d, datetime, dict, dir, divmod, enumerate, f, filter, float, format, hasattr, hex, highlight, id, int, isinstance, issubclass, iter, json, len, list, locals, long, map, max, min, month, oct, ord, pow, ppjson, pygments, range, re_match, re_search, reduce, repr, reversed, round, s, set, slice, sorted, str, subdirectories, sum, today, tuple, unicode, w, xrange, year, zip
2013-01-18 12:29:20,491 - markdown/title-part.html|markdown|jinja - DEBUG - about to create jinja template
2013-01-18 12:29:20,493 - markdown/title-part.html|markdown|jinja - DEBUG - about to process jinja template
2013-01-18 12:29:20,498 - markdown/title-part.html|markdown|jinja - DEBUG - removing artifacts/7aa930e69a11d91a03c9665545330c05.html since jinja had an error
2013-01-18 12:29:20,499 - markdown/title-part.html|markdown|jinja - WARNING - unable to parse line number from traceback
2013-01-18 12:29:20,500 - dexy - ERROR - A problem has occurred with one of your documents:
2013-01-18 12:29:20,500 - dexy - ERROR - a UndefinedError problem was detected: 'dexy.data.Sectioned object' has no attribute 'title'
line 0004: {{ d['../mockup/style.css|idio']['title'] }}</p>
2013-01-18 12:29:20,500 - dexy - DEBUG - committing db changes
